Using pre-set license
Built from '2021.3/staging' branch; Version is '2021.3.11f1 (0a5ca18544bf) revision 679073'; Using compiler version '192829333'; Build Type 'Release'
OS: 'Windows 10  (10.0.19045) 64bit Professional' Language: 'ru' Physical Memory: 16087 MB
BatchMode: 1, IsHumanControllingUs: 0, StartBugReporterOnCrash: 0, Is64bit: 1, IsPro: 1

COMMAND LINE ARGUMENTS:
C:\Program Files\Unity\Hub\Editor\2021.3.11f1\Editor\Unity.exe
-adb2
-batchMode
-noUpm
-name
AssetImportWorker2
-projectPath
C:/Users/roman/OneDrive/Рабочий стол/Project/Farm
-logFile
Logs/AssetImportWorker2.log
-srvPort
55415
Successfully changed project path to: C:/Users/roman/OneDrive/Рабочий стол/Project/Farm
C:/Users/roman/OneDrive/Рабочий стол/Project/Farm
[UnityMemory] Configuration Parameters - Can be set up in boot.config
    "memorysetup-bucket-allocator-granularity=16"
    "memorysetup-bucket-allocator-bucket-count=8"
    "memorysetup-bucket-allocator-block-size=33554432"
    "memorysetup-bucket-allocator-block-count=8"
    "memorysetup-main-allocator-block-size=16777216"
    "memorysetup-thread-allocator-block-size=16777216"
    "memorysetup-gfx-main-allocator-block-size=16777216"
    "memorysetup-gfx-thread-allocator-block-size=16777216"
    "memorysetup-cache-allocator-block-size=4194304"
    "memorysetup-typetree-allocator-block-size=2097152"
    "memorysetup-profiler-bucket-allocator-granularity=16"
    "memorysetup-profiler-bucket-allocator-bucket-count=8"
    "memorysetup-profiler-bucket-allocator-block-size=33554432"
    "memorysetup-profiler-bucket-allocator-block-count=8"
    "memorysetup-profiler-allocator-block-size=16777216"
    "memorysetup-profiler-editor-allocator-block-size=1048576"
    "memorysetup-temp-allocator-size-main=16777216"
    "memorysetup-job-temp-allocator-block-size=2097152"
    "memorysetup-job-temp-allocator-block-size-background=1048576"
    "memorysetup-job-temp-allocator-reduction-small-platforms=262144"
    "memorysetup-temp-allocator-size-background-worker=32768"
    "memorysetup-temp-allocator-size-job-worker=262144"
    "memorysetup-temp-allocator-size-preload-manager=33554432"
    "memorysetup-temp-allocator-size-nav-mesh-worker=65536"
    "memorysetup-temp-allocator-size-audio-worker=65536"
    "memorysetup-temp-allocator-size-cloud-worker=32768"
    "memorysetup-temp-allocator-size-gi-baking-worker=262144"
    "memorysetup-temp-allocator-size-gfx=262144"
Refreshing native plugins compatible for Editor in 149.01 ms, found 4 plugins.
Preloading 0 native plugins for Editor in 0.00 ms.
Initialize engine version: 2021.3.11f1 (0a5ca18544bf)
[Subsystems] Discovering subsystems at path C:/Program Files/Unity/Hub/Editor/2021.3.11f1/Editor/Data/Resources/UnitySubsystems
[Subsystems] Discovering subsystems at path C:/Users/roman/OneDrive/Рабочий стол/Project/Farm/Assets
GfxDevice: creating device client; threaded=0; jobified=0
Direct3D:
    Version:  Direct3D 11.0 [level 11.1]
    Renderer: Intel(R) Iris(R) Xe Graphics (ID=0x9a49)
    Vendor:   Intel
    VRAM:     8043 MB
    Driver:   31.0.101.3889
Initialize mono
Mono path[0] = 'C:/Program Files/Unity/Hub/Editor/2021.3.11f1/Editor/Data/Managed'
Mono path[1] = 'C:/Program Files/Unity/Hub/Editor/2021.3.11f1/Editor/Data/MonoBleedingEdge/lib/mono/unityjit-win32'
Mono config path = 'C:/Program Files/Unity/Hub/Editor/2021.3.11f1/Editor/Data/MonoBleedingEdge/etc'
Using monoOptions --debugger-agent=transport=dt_socket,embedding=1,server=y,suspend=n,address=127.0.0.1:56360
Begin MonoManager ReloadAssembly
Registering precompiled unity dll's ...
Register platform support module: C:/Program Files/Unity/Hub/Editor/2021.3.11f1/Editor/Data/PlaybackEngines/WindowsStandaloneSupport/UnityEditor.WindowsStandalone.Extensions.dll
Registered in 0.011664 seconds.
Native extension for WindowsStandalone target not found
Refreshing native plugins compatible for Editor in 120.76 ms, found 4 plugins.
Preloading 0 native plugins for Editor in 0.00 ms.
Mono: successfully reloaded assembly
- Completed reload, in  1.029 seconds
Domain Reload Profiling:
	ReloadAssembly (1031ms)
		BeginReloadAssembly (90ms)
			ExecutionOrderSort (0ms)
			DisableScriptedObjects (0ms)
			BackupInstance (0ms)
			ReleaseScriptingObjects (0ms)
			CreateAndSetChildDomain (1ms)
		EndReloadAssembly (757ms)
			LoadAssemblies (87ms)
			RebuildTransferFunctionScriptingTraits (0ms)
			SetupTypeCache (143ms)
			ReleaseScriptCaches (0ms)
			RebuildScriptCaches (38ms)
			SetupLoadedEditorAssemblies (501ms)
				LogAssemblyErrors (0ms)
				InitializePlatformSupportModulesInManaged (10ms)
				SetLoadedEditorAssemblies (0ms)
				RefreshPlugins (121ms)
				BeforeProcessingInitializeOnLoad (2ms)
				ProcessInitializeOnLoadAttributes (226ms)
				ProcessInitializeOnLoadMethodAttributes (141ms)
				AfterProcessingInitializeOnLoad (0ms)
				EditorAssembliesLoaded (0ms)
			ExecutionOrderSort2 (0ms)
			AwakeInstancesAfterBackupRestoration (0ms)
Platform modules already initialized, skipping
Registering precompiled user dll's ...
Registered in 0.023111 seconds.
Begin MonoManager ReloadAssembly
Symbol file LoadedFromMemory doesn't match image C:\Users\roman\OneDrive\Рабочий стол\Project\Farm\Library\PackageCache\com.unity.visualscripting@1.7.8\Editor\VisualScripting.Core\Dependencies\YamlDotNet\Unity.VisualScripting.YamlDotNet.dll
Symbol file LoadedFromMemory doesn't match image C:\Users\roman\OneDrive\Рабочий стол\Project\Farm\Library\PackageCache\com.unity.visualscripting@1.7.8\Editor\VisualScripting.Core\Dependencies\DotNetZip\Unity.VisualScripting.IonicZip.dll
Native extension for WindowsStandalone target not found
Refreshing native plugins compatible for Editor in 248.13 ms, found 4 plugins.
Preloading 0 native plugins for Editor in 0.00 ms.
Mono: successfully reloaded assembly
- Completed reload, in  2.267 seconds
Domain Reload Profiling:
	ReloadAssembly (2268ms)
		BeginReloadAssembly (243ms)
			ExecutionOrderSort (0ms)
			DisableScriptedObjects (11ms)
			BackupInstance (0ms)
			ReleaseScriptingObjects (0ms)
			CreateAndSetChildDomain (51ms)
		EndReloadAssembly (1805ms)
			LoadAssemblies (149ms)
			RebuildTransferFunctionScriptingTraits (0ms)
			SetupTypeCache (528ms)
			ReleaseScriptCaches (2ms)
			RebuildScriptCaches (115ms)
			SetupLoadedEditorAssemblies (978ms)
				LogAssemblyErrors (0ms)
				InitializePlatformSupportModulesInManaged (11ms)
				SetLoadedEditorAssemblies (0ms)
				RefreshPlugins (248ms)
				BeforeProcessingInitializeOnLoad (221ms)
				ProcessInitializeOnLoadAttributes (432ms)
				ProcessInitializeOnLoadMethodAttributes (56ms)
				AfterProcessingInitializeOnLoad (9ms)
				EditorAssembliesLoaded (0ms)
			ExecutionOrderSort2 (0ms)
			AwakeInstancesAfterBackupRestoration (8ms)
Platform modules already initialized, skipping
========================================================================
Worker process is ready to serve import requests
Launched and connected shader compiler UnityShaderCompiler.exe after 0.05 seconds
Refreshing native plugins compatible for Editor in 0.67 ms, found 4 plugins.
Preloading 0 native plugins for Editor in 0.00 ms.
Unloading 4119 Unused Serialized files (Serialized files now loaded: 0)
Unloading 38 unused Assets / (56.2 KB). Loaded Objects now: 4575.
Memory consumption went from 154.7 MB to 154.6 MB.
Total: 3.748800 ms (FindLiveObjects: 0.294000 ms CreateObjectMapping: 0.134400 ms MarkObjects: 3.238000 ms  DeleteObjects: 0.081100 ms)

AssetImportParameters requested are different than current active one (requested -> active):
  custom:video-decoder-ogg-theora: a1e56fd34408186e4bbccfd4996cb3dc -> 
  custom:container-muxer-webm: aa71ff27fc2769a1b78a27578f13a17b -> 
  custom:container-demuxer-webm: 4f35f7cbe854078d1ac9338744f61a02 -> 
  custom:video-encoder-webm-vp8: eb34c28f22e8b96e1ab97ce403110664 -> 
  custom:audio-encoder-webm-vorbis: bf7c407c2cedff20999df2af8eb42d56 -> 
  custom:framework-win-MediaFoundation: 216162199b28c13a410421893ffa2e32 -> 
  custom:container-demuxer-ogg: 62fdf1f143b41e24485cea50d1cbac27 -> 
  custom:video-decoder-webm-vp8: 9c59270c3fd7afecdb556c50c9e8de78 -> 
  custom:audio-decoder-ogg-vorbis: bf7c407c2cedff20999df2af8eb42d56 -> 
========================================================================
Received Import Request.
  Time since last request: 321123.712476 seconds.
  path: Assets/Scenes
  artifactKey: Guid(131a6b21c8605f84396be9f6751fb6e3) Importer(815301076,1909f56bfc062723c751e8b465ee728b)
Start importing Assets/Scenes using Guid(131a6b21c8605f84396be9f6751fb6e3) Importer(815301076,1909f56bfc062723c751e8b465ee728b)  -> (artifact id: '4935f35005d3ccd51bf39964504ff1b7') in 0.013162 seconds 
========================================================================
Received Import Request.
  Time since last request: 0.000036 seconds.
  path: Assets/woman-idle-1.prefab
  artifactKey: Guid(99e1e08a58ce8344c9e6d70a8bef8e50) Importer(815301076,1909f56bfc062723c751e8b465ee728b)
Start importing Assets/woman-idle-1.prefab using Guid(99e1e08a58ce8344c9e6d70a8bef8e50) Importer(815301076,1909f56bfc062723c751e8b465ee728b)  -> (artifact id: 'b12ae9796fe44123df730a0f00b3a0e8') in 0.173134 seconds 
========================================================================
Received Import Request.
  Time since last request: 0.000029 seconds.
  path: Assets/Square 1.prefab
  artifactKey: Guid(8deb4669c32815444ba0e7d396c65a0e) Importer(815301076,1909f56bfc062723c751e8b465ee728b)
Start importing Assets/Square 1.prefab using Guid(8deb4669c32815444ba0e7d396c65a0e) Importer(815301076,1909f56bfc062723c751e8b465ee728b)  -> (artifact id: '00252df666fad07768b234c0cac7710a') in 0.021808 seconds 
========================================================================
Received Import Request.
  Time since last request: 0.000024 seconds.
  path: Assets/pixil-frame-0 (8)-PhotoRoom.png-PhotoRoom.png
  artifactKey: Guid(6280ddd7ef5820d438d9142cfe74fe52) Importer(815301076,1909f56bfc062723c751e8b465ee728b)
Start importing Assets/pixil-frame-0 (8)-PhotoRoom.png-PhotoRoom.png using Guid(6280ddd7ef5820d438d9142cfe74fe52) Importer(815301076,1909f56bfc062723c751e8b465ee728b)  -> (artifact id: '5ca44ad36022996fada0227b48193dfd') in 0.065485 seconds 
========================================================================
Received Import Request.
  Time since last request: 0.000034 seconds.
  path: Assets/Scenes/SampleScene.unity
  artifactKey: Guid(2cda990e2423bbf4892e6590ba056729) Importer(815301076,1909f56bfc062723c751e8b465ee728b)
Start importing Assets/Scenes/SampleScene.unity using Guid(2cda990e2423bbf4892e6590ba056729) Importer(815301076,1909f56bfc062723c751e8b465ee728b)  -> (artifact id: '2785bc93e7ce5a3a98bb786b35f70654') in 0.010576 seconds 
========================================================================
Received Import Request.
  Time since last request: 0.000036 seconds.
  path: Assets/farming-houses_5.prefab
  artifactKey: Guid(0ee9b48858b4d8140937dd9e3f6e77d8) Importer(815301076,1909f56bfc062723c751e8b465ee728b)
Start importing Assets/farming-houses_5.prefab using Guid(0ee9b48858b4d8140937dd9e3f6e77d8) Importer(815301076,1909f56bfc062723c751e8b465ee728b)  -> (artifact id: '2a0bd709a240ca50ce5f474fab1821b1') in 0.026808 seconds 
========================================================================
Received Import Request.
  Time since last request: 0.000071 seconds.
  path: Assets/Script/Prefabs/farming-houses_5.prefab
  artifactKey: Guid(925c85771f1f33d41a05b354ec653887) Importer(815301076,1909f56bfc062723c751e8b465ee728b)
Start importing Assets/Script/Prefabs/farming-houses_5.prefab using Guid(925c85771f1f33d41a05b354ec653887) Importer(815301076,1909f56bfc062723c751e8b465ee728b)  -> (artifact id: '476532b62f50ed19b6dc6cd894a5342b') in 0.024061 seconds 
========================================================================
Received Import Request.
  Time since last request: 24.711308 seconds.
  path: Assets/Script
  artifactKey: Guid(e40bdeb15f17a764593ae62cbeea604b) Importer(815301076,1909f56bfc062723c751e8b465ee728b)
Start importing Assets/Script using Guid(e40bdeb15f17a764593ae62cbeea604b) Importer(815301076,1909f56bfc062723c751e8b465ee728b)  -> (artifact id: 'bca4317a6372cdb3bfe623aea29be782') in 0.011009 seconds 
========================================================================
Received Import Request.
  Time since last request: 1.574799 seconds.
  path: Assets/Script/Building.cs
  artifactKey: Guid(e08a38bf86e9558469728607b7a17d32) Importer(815301076,1909f56bfc062723c751e8b465ee728b)
Start importing Assets/Script/Building.cs using Guid(e08a38bf86e9558469728607b7a17d32) Importer(815301076,1909f56bfc062723c751e8b465ee728b)  -> (artifact id: '7f51d315c4737d09123d7869bed04e23') in 0.017627 seconds 
========================================================================
Received Prepare
Registering precompiled user dll's ...
Registered in 0.009531 seconds.
Begin MonoManager ReloadAssembly
Symbol file LoadedFromMemory doesn't match image C:\Users\roman\OneDrive\Рабочий стол\Project\Farm\Library\PackageCache\com.unity.visualscripting@1.7.8\Editor\VisualScripting.Core\Dependencies\YamlDotNet\Unity.VisualScripting.YamlDotNet.dll
Symbol file LoadedFromMemory doesn't match image C:\Users\roman\OneDrive\Рабочий стол\Project\Farm\Library\PackageCache\com.unity.visualscripting@1.7.8\Editor\VisualScripting.Core\Dependencies\DotNetZip\Unity.VisualScripting.IonicZip.dll
Native extension for WindowsStandalone target not found
Refreshing native plugins compatible for Editor in 1.20 ms, found 4 plugins.
Preloading 0 native plugins for Editor in 0.00 ms.
Mono: successfully reloaded assembly
- Completed reload, in  1.643 seconds
Domain Reload Profiling:
	ReloadAssembly (1646ms)
		BeginReloadAssembly (233ms)
			ExecutionOrderSort (0ms)
			DisableScriptedObjects (9ms)
			BackupInstance (0ms)
			ReleaseScriptingObjects (0ms)
			CreateAndSetChildDomain (58ms)
		EndReloadAssembly (1175ms)
			LoadAssemblies (182ms)
			RebuildTransferFunctionScriptingTraits (0ms)
			SetupTypeCache (307ms)
			ReleaseScriptCaches (2ms)
			RebuildScriptCaches (59ms)
			SetupLoadedEditorAssemblies (571ms)
				LogAssemblyErrors (0ms)
				InitializePlatformSupportModulesInManaged (22ms)
				SetLoadedEditorAssemblies (1ms)
				RefreshPlugins (1ms)
				BeforeProcessingInitializeOnLoad (104ms)
				ProcessInitializeOnLoadAttributes (314ms)
				ProcessInitializeOnLoadMethodAttributes (104ms)
				AfterProcessingInitializeOnLoad (23ms)
				EditorAssembliesLoaded (0ms)
			ExecutionOrderSort2 (0ms)
			AwakeInstancesAfterBackupRestoration (21ms)
Platform modules already initialized, skipping
Refreshing native plugins compatible for Editor in 3.49 ms, found 4 plugins.
Preloading 0 native plugins for Editor in 0.00 ms.
Unloading 4095 Unused Serialized files (Serialized files now loaded: 0)
Unloading 25 unused Assets / (24.8 KB). Loaded Objects now: 4590.
Memory consumption went from 157.1 MB to 157.1 MB.
Total: 4.469800 ms (FindLiveObjects: 0.363400 ms CreateObjectMapping: 0.278900 ms MarkObjects: 3.730500 ms  DeleteObjects: 0.095800 ms)

AssetImportParameters requested are different than current active one (requested -> active):
  custom:video-decoder-ogg-theora: a1e56fd34408186e4bbccfd4996cb3dc -> 
  custom:container-muxer-webm: aa71ff27fc2769a1b78a27578f13a17b -> 
  custom:container-demuxer-webm: 4f35f7cbe854078d1ac9338744f61a02 -> 
  custom:video-encoder-webm-vp8: eb34c28f22e8b96e1ab97ce403110664 -> 
  custom:audio-encoder-webm-vorbis: bf7c407c2cedff20999df2af8eb42d56 -> 
  custom:framework-win-MediaFoundation: 216162199b28c13a410421893ffa2e32 -> 
  custom:container-demuxer-ogg: 62fdf1f143b41e24485cea50d1cbac27 -> 
  custom:video-decoder-webm-vp8: 9c59270c3fd7afecdb556c50c9e8de78 -> 
  custom:audio-decoder-ogg-vorbis: bf7c407c2cedff20999df2af8eb42d56 -> 
========================================================================
Received Import Request.
  Time since last request: 102.183488 seconds.
  path: Assets/Script/farming-houses_5.prefab
  artifactKey: Guid(133988ff12d708e46b0d8c231961c2a0) Importer(815301076,1909f56bfc062723c751e8b465ee728b)
Start importing Assets/Script/farming-houses_5.prefab using Guid(133988ff12d708e46b0d8c231961c2a0) Importer(815301076,1909f56bfc062723c751e8b465ee728b)  -> (artifact id: '39224089af06cef41ad9d604ea67d588') in 0.128446 seconds 
========================================================================
Received Import Request.
  Time since last request: 0.000033 seconds.
  path: Assets/Script/Building.cs
  artifactKey: Guid(e08a38bf86e9558469728607b7a17d32) Importer(815301076,1909f56bfc062723c751e8b465ee728b)
Start importing Assets/Script/Building.cs using Guid(e08a38bf86e9558469728607b7a17d32) Importer(815301076,1909f56bfc062723c751e8b465ee728b)  -> (artifact id: '14ab76081bebf22ddda42b2e0144f308') in 0.004614 seconds 
========================================================================
Received Import Request.
  Time since last request: 0.000036 seconds.
  path: Assets/Script/Square.prefab
  artifactKey: Guid(2b74e7b0697762b44a33b78464127f1e) Importer(815301076,1909f56bfc062723c751e8b465ee728b)
Start importing Assets/Script/Square.prefab using Guid(2b74e7b0697762b44a33b78464127f1e) Importer(815301076,1909f56bfc062723c751e8b465ee728b)  -> (artifact id: 'c8706f84c2e353095fd3cc84588d94d6') in 0.025542 seconds 
========================================================================
Received Import Request.
  Time since last request: 39.661714 seconds.
  path: Assets/Script/Prefabs
  artifactKey: Guid(3676e57f95a510549855af77a78a4cd2) Importer(815301076,1909f56bfc062723c751e8b465ee728b)
Start importing Assets/Script/Prefabs using Guid(3676e57f95a510549855af77a78a4cd2) Importer(815301076,1909f56bfc062723c751e8b465ee728b)  -> (artifact id: '6d06ccf220ee078613ea5d0fa7a0d739') in 0.009071 seconds 
========================================================================
Received Import Request.
  Time since last request: 0.048048 seconds.
  path: Assets/Script/Prefabs/farming-houses_5.prefab
  artifactKey: Guid(925c85771f1f33d41a05b354ec653887) Importer(815301076,1909f56bfc062723c751e8b465ee728b)
Start importing Assets/Script/Prefabs/farming-houses_5.prefab using Guid(925c85771f1f33d41a05b354ec653887) Importer(815301076,1909f56bfc062723c751e8b465ee728b)  -> (artifact id: '729bb9a0408ee108c81a4b8f5548e68c') in 0.014501 seconds 
