Using pre-set license
Built from '2021.3/staging' branch; Version is '2021.3.11f1 (0a5ca18544bf) revision 679073'; Using compiler version '192829333'; Build Type 'Release'
OS: 'Windows 10  (10.0.19045) 64bit Professional' Language: 'ru' Physical Memory: 16313 MB
BatchMode: 1, IsHumanControllingUs: 0, StartBugReporterOnCrash: 0, Is64bit: 1, IsPro: 1

COMMAND LINE ARGUMENTS:
D:\Unity\2021.3.11f1\Editor\Unity.exe
-adb2
-batchMode
-noUpm
-name
AssetImportWorker4
-projectPath
D:/Farm
-logFile
Logs/AssetImportWorker4.log
-srvPort
51004
Successfully changed project path to: D:/Farm
D:/Farm
[UnityMemory] Configuration Parameters - Can be set up in boot.config
    "memorysetup-bucket-allocator-granularity=16"
    "memorysetup-bucket-allocator-bucket-count=8"
    "memorysetup-bucket-allocator-block-size=33554432"
    "memorysetup-bucket-allocator-block-count=8"
    "memorysetup-main-allocator-block-size=16777216"
    "memorysetup-thread-allocator-block-size=16777216"
    "memorysetup-gfx-main-allocator-block-size=16777216"
    "memorysetup-gfx-thread-allocator-block-size=16777216"
    "memorysetup-cache-allocator-block-size=4194304"
    "memorysetup-typetree-allocator-block-size=2097152"
    "memorysetup-profiler-bucket-allocator-granularity=16"
    "memorysetup-profiler-bucket-allocator-bucket-count=8"
    "memorysetup-profiler-bucket-allocator-block-size=33554432"
    "memorysetup-profiler-bucket-allocator-block-count=8"
    "memorysetup-profiler-allocator-block-size=16777216"
    "memorysetup-profiler-editor-allocator-block-size=1048576"
    "memorysetup-temp-allocator-size-main=16777216"
    "memorysetup-job-temp-allocator-block-size=2097152"
    "memorysetup-job-temp-allocator-block-size-background=1048576"
    "memorysetup-job-temp-allocator-reduction-small-platforms=262144"
    "memorysetup-temp-allocator-size-background-worker=32768"
    "memorysetup-temp-allocator-size-job-worker=262144"
    "memorysetup-temp-allocator-size-preload-manager=33554432"
    "memorysetup-temp-allocator-size-nav-mesh-worker=65536"
    "memorysetup-temp-allocator-size-audio-worker=65536"
    "memorysetup-temp-allocator-size-cloud-worker=32768"
    "memorysetup-temp-allocator-size-gi-baking-worker=262144"
    "memorysetup-temp-allocator-size-gfx=262144"
Refreshing native plugins compatible for Editor in 98.61 ms, found 4 plugins.
Preloading 0 native plugins for Editor in 0.00 ms.
Initialize engine version: 2021.3.11f1 (0a5ca18544bf)
[Subsystems] Discovering subsystems at path D:/Unity/2021.3.11f1/Editor/Data/Resources/UnitySubsystems
[Subsystems] Discovering subsystems at path D:/Farm/Assets
GfxDevice: creating device client; threaded=0; jobified=0
Direct3D:
    Version:  Direct3D 11.0 [level 11.1]
    Renderer: NVIDIA GeForce RTX 2060 (ID=0x1e89)
    Vendor:   NVIDIA
    VRAM:     5958 MB
    Driver:   31.0.15.2698
Initialize mono
Mono path[0] = 'D:/Unity/2021.3.11f1/Editor/Data/Managed'
Mono path[1] = 'D:/Unity/2021.3.11f1/Editor/Data/MonoBleedingEdge/lib/mono/unityjit-win32'
Mono config path = 'D:/Unity/2021.3.11f1/Editor/Data/MonoBleedingEdge/etc'
Using monoOptions --debugger-agent=transport=dt_socket,embedding=1,server=y,suspend=n,address=127.0.0.1:56844
Begin MonoManager ReloadAssembly
Registering precompiled unity dll's ...
Register platform support module: D:/Unity/2021.3.11f1/Editor/Data/PlaybackEngines/WindowsStandaloneSupport/UnityEditor.WindowsStandalone.Extensions.dll
Registered in 0.002297 seconds.
Native extension for WindowsStandalone target not found
Refreshing native plugins compatible for Editor in 86.68 ms, found 4 plugins.
Preloading 0 native plugins for Editor in 0.00 ms.
Mono: successfully reloaded assembly
- Completed reload, in  0.570 seconds
Domain Reload Profiling:
	ReloadAssembly (571ms)
		BeginReloadAssembly (71ms)
			ExecutionOrderSort (0ms)
			DisableScriptedObjects (0ms)
			BackupInstance (0ms)
			ReleaseScriptingObjects (0ms)
			CreateAndSetChildDomain (1ms)
		EndReloadAssembly (401ms)
			LoadAssemblies (70ms)
			RebuildTransferFunctionScriptingTraits (0ms)
			SetupTypeCache (91ms)
			ReleaseScriptCaches (0ms)
			RebuildScriptCaches (25ms)
			SetupLoadedEditorAssemblies (243ms)
				LogAssemblyErrors (0ms)
				InitializePlatformSupportModulesInManaged (6ms)
				SetLoadedEditorAssemblies (0ms)
				RefreshPlugins (87ms)
				BeforeProcessingInitializeOnLoad (1ms)
				ProcessInitializeOnLoadAttributes (110ms)
				ProcessInitializeOnLoadMethodAttributes (39ms)
				AfterProcessingInitializeOnLoad (0ms)
				EditorAssembliesLoaded (0ms)
			ExecutionOrderSort2 (0ms)
			AwakeInstancesAfterBackupRestoration (0ms)
Platform modules already initialized, skipping
Registering precompiled user dll's ...
Registered in 0.004821 seconds.
Begin MonoManager ReloadAssembly
Symbol file LoadedFromMemory doesn't match image D:\Farm\Library\PackageCache\com.unity.visualscripting@1.7.8\Editor\VisualScripting.Core\Dependencies\YamlDotNet\Unity.VisualScripting.YamlDotNet.dll
Symbol file LoadedFromMemory doesn't match image D:\Farm\Library\PackageCache\com.unity.visualscripting@1.7.8\Editor\VisualScripting.Core\Dependencies\DotNetZip\Unity.VisualScripting.IonicZip.dll
Native extension for WindowsStandalone target not found
Refreshing native plugins compatible for Editor in 83.76 ms, found 4 plugins.
Preloading 0 native plugins for Editor in 0.00 ms.
Mono: successfully reloaded assembly
- Completed reload, in  1.023 seconds
Domain Reload Profiling:
	ReloadAssembly (1024ms)
		BeginReloadAssembly (103ms)
			ExecutionOrderSort (0ms)
			DisableScriptedObjects (6ms)
			BackupInstance (0ms)
			ReleaseScriptingObjects (0ms)
			CreateAndSetChildDomain (21ms)
		EndReloadAssembly (821ms)
			LoadAssemblies (100ms)
			RebuildTransferFunctionScriptingTraits (0ms)
			SetupTypeCache (209ms)
			ReleaseScriptCaches (1ms)
			RebuildScriptCaches (51ms)
			SetupLoadedEditorAssemblies (424ms)
				LogAssemblyErrors (0ms)
				InitializePlatformSupportModulesInManaged (3ms)
				SetLoadedEditorAssemblies (0ms)
				RefreshPlugins (84ms)
				BeforeProcessingInitializeOnLoad (84ms)
				ProcessInitializeOnLoadAttributes (211ms)
				ProcessInitializeOnLoadMethodAttributes (39ms)
				AfterProcessingInitializeOnLoad (3ms)
				EditorAssembliesLoaded (0ms)
			ExecutionOrderSort2 (0ms)
			AwakeInstancesAfterBackupRestoration (5ms)
Platform modules already initialized, skipping
========================================================================
Worker process is ready to serve import requests
Launched and connected shader compiler UnityShaderCompiler.exe after 0.08 seconds
Refreshing native plugins compatible for Editor in 0.94 ms, found 4 plugins.
Preloading 0 native plugins for Editor in 0.00 ms.
Unloading 4072 Unused Serialized files (Serialized files now loaded: 0)
Unloading 38 unused Assets / (56.1 KB). Loaded Objects now: 4528.
Memory consumption went from 151.4 MB to 151.3 MB.
Total: 3.523700 ms (FindLiveObjects: 0.430800 ms CreateObjectMapping: 0.116000 ms MarkObjects: 2.883900 ms  DeleteObjects: 0.091500 ms)

AssetImportParameters requested are different than current active one (requested -> active):
  custom:video-decoder-ogg-theora: a1e56fd34408186e4bbccfd4996cb3dc -> 
  custom:container-muxer-webm: aa71ff27fc2769a1b78a27578f13a17b -> 
  custom:container-demuxer-webm: 4f35f7cbe854078d1ac9338744f61a02 -> 
  custom:video-encoder-webm-vp8: eb34c28f22e8b96e1ab97ce403110664 -> 
  custom:audio-encoder-webm-vorbis: bf7c407c2cedff20999df2af8eb42d56 -> 
  custom:framework-win-MediaFoundation: 216162199b28c13a410421893ffa2e32 -> 
  custom:container-demuxer-ogg: 62fdf1f143b41e24485cea50d1cbac27 -> 
  custom:video-decoder-webm-vp8: 9c59270c3fd7afecdb556c50c9e8de78 -> 
  custom:audio-decoder-ogg-vorbis: bf7c407c2cedff20999df2af8eb42d56 -> 
========================================================================
Received Import Request.
  Time since last request: 86607.257616 seconds.
  path: Assets/farming-houses_5.prefab
  artifactKey: Guid(0ee9b48858b4d8140937dd9e3f6e77d8) Importer(815301076,1909f56bfc062723c751e8b465ee728b)
Start importing Assets/farming-houses_5.prefab using Guid(0ee9b48858b4d8140937dd9e3f6e77d8) Importer(815301076,1909f56bfc062723c751e8b465ee728b)  -> (artifact id: 'ed117562ebac8ec1898a87b666a4631a') in 0.126781 seconds 
========================================================================
Received Prepare
Registering precompiled user dll's ...
Registered in 0.005692 seconds.
Begin MonoManager ReloadAssembly
Symbol file LoadedFromMemory doesn't match image D:\Farm\Library\PackageCache\com.unity.visualscripting@1.7.8\Editor\VisualScripting.Core\Dependencies\YamlDotNet\Unity.VisualScripting.YamlDotNet.dll
Symbol file LoadedFromMemory doesn't match image D:\Farm\Library\PackageCache\com.unity.visualscripting@1.7.8\Editor\VisualScripting.Core\Dependencies\DotNetZip\Unity.VisualScripting.IonicZip.dll
Native extension for WindowsStandalone target not found
Refreshing native plugins compatible for Editor in 0.94 ms, found 4 plugins.
Preloading 0 native plugins for Editor in 0.00 ms.
Mono: successfully reloaded assembly
- Completed reload, in  0.887 seconds
Domain Reload Profiling:
	ReloadAssembly (888ms)
		BeginReloadAssembly (135ms)
			ExecutionOrderSort (0ms)
			DisableScriptedObjects (6ms)
			BackupInstance (0ms)
			ReleaseScriptingObjects (0ms)
			CreateAndSetChildDomain (50ms)
		EndReloadAssembly (667ms)
			LoadAssemblies (79ms)
			RebuildTransferFunctionScriptingTraits (0ms)
			SetupTypeCache (213ms)
			ReleaseScriptCaches (2ms)
			RebuildScriptCaches (44ms)
			SetupLoadedEditorAssemblies (293ms)
				LogAssemblyErrors (0ms)
				InitializePlatformSupportModulesInManaged (11ms)
				SetLoadedEditorAssemblies (0ms)
				RefreshPlugins (1ms)
				BeforeProcessingInitializeOnLoad (61ms)
				ProcessInitializeOnLoadAttributes (177ms)
				ProcessInitializeOnLoadMethodAttributes (40ms)
				AfterProcessingInitializeOnLoad (3ms)
				EditorAssembliesLoaded (0ms)
			ExecutionOrderSort2 (0ms)
			AwakeInstancesAfterBackupRestoration (8ms)
Platform modules already initialized, skipping
Refreshing native plugins compatible for Editor in 1.99 ms, found 4 plugins.
Preloading 0 native plugins for Editor in 0.00 ms.
Unloading 4061 Unused Serialized files (Serialized files now loaded: 0)
Unloading 25 unused Assets / (24.6 KB). Loaded Objects now: 4539.
Memory consumption went from 155.1 MB to 155.1 MB.
Total: 3.434400 ms (FindLiveObjects: 0.447100 ms CreateObjectMapping: 0.099800 ms MarkObjects: 2.859100 ms  DeleteObjects: 0.027600 ms)

AssetImportParameters requested are different than current active one (requested -> active):
  custom:video-decoder-ogg-theora: a1e56fd34408186e4bbccfd4996cb3dc -> 
  custom:container-muxer-webm: aa71ff27fc2769a1b78a27578f13a17b -> 
  custom:container-demuxer-webm: 4f35f7cbe854078d1ac9338744f61a02 -> 
  custom:video-encoder-webm-vp8: eb34c28f22e8b96e1ab97ce403110664 -> 
  custom:audio-encoder-webm-vorbis: bf7c407c2cedff20999df2af8eb42d56 -> 
  custom:framework-win-MediaFoundation: 216162199b28c13a410421893ffa2e32 -> 
  custom:container-demuxer-ogg: 62fdf1f143b41e24485cea50d1cbac27 -> 
  custom:video-decoder-webm-vp8: 9c59270c3fd7afecdb556c50c9e8de78 -> 
  custom:audio-decoder-ogg-vorbis: bf7c407c2cedff20999df2af8eb42d56 -> 
========================================================================
Received Import Request.
  Time since last request: 301.779555 seconds.
  path: Assets/Script/BuildingGrid.cs
  artifactKey: Guid(6646367722dae5646bdc273dfb911ee1) Importer(815301076,1909f56bfc062723c751e8b465ee728b)
Start importing Assets/Script/BuildingGrid.cs using Guid(6646367722dae5646bdc273dfb911ee1) Importer(815301076,1909f56bfc062723c751e8b465ee728b)  -> (artifact id: '8758eab8dd75c3fd2824e485afe6078d') in 0.012264 seconds 
========================================================================
Received Import Request.
  Time since last request: 344.927260 seconds.
  path: Assets/imgonline-com-ua-2to1-MJriacrPYdxlb.jpg
  artifactKey: Guid(f4b2dd4d76de5e64ba62b1c1deda3101) Importer(815301076,1909f56bfc062723c751e8b465ee728b)
Start importing Assets/imgonline-com-ua-2to1-MJriacrPYdxlb.jpg using Guid(f4b2dd4d76de5e64ba62b1c1deda3101) Importer(815301076,1909f56bfc062723c751e8b465ee728b)  -> (artifact id: 'fff3fb70113cbdd0f914fb716180e29f') in 0.110028 seconds 
========================================================================
Received Import Request.
  Time since last request: 64.874084 seconds.
  path: Assets/Script/Run.cs
  artifactKey: Guid(a170bfe64628df44a91693848265753d) Importer(815301076,1909f56bfc062723c751e8b465ee728b)
Start importing Assets/Script/Run.cs using Guid(a170bfe64628df44a91693848265753d) Importer(815301076,1909f56bfc062723c751e8b465ee728b)  -> (artifact id: '4d196c0c78faa0fbc9f94f6814379d22') in 0.001268 seconds 
========================================================================
Received Import Request.
  Time since last request: 0.824177 seconds.
  path: Assets/Script/Main.cs
  artifactKey: Guid(e6452443e7fa0134a8816e4d2f35e875) Importer(815301076,1909f56bfc062723c751e8b465ee728b)
Start importing Assets/Script/Main.cs using Guid(e6452443e7fa0134a8816e4d2f35e875) Importer(815301076,1909f56bfc062723c751e8b465ee728b)  -> (artifact id: 'e3bac4ef020347549914ae7c37522aa6') in 0.001474 seconds 
========================================================================
Received Import Request.
  Time since last request: 82.617367 seconds.
  path: Assets/farming-houses_5.prefab
  artifactKey: Guid(0ee9b48858b4d8140937dd9e3f6e77d8) Importer(815301076,1909f56bfc062723c751e8b465ee728b)
Start importing Assets/farming-houses_5.prefab using Guid(0ee9b48858b4d8140937dd9e3f6e77d8) Importer(815301076,1909f56bfc062723c751e8b465ee728b)  -> (artifact id: '9ce0f458d34cf0077af959677c80a06e') in 0.026416 seconds 
========================================================================
Received Import Request.
  Time since last request: 23.915099 seconds.
  path: Assets/farming-houses_5.prefab
  artifactKey: Guid(0ee9b48858b4d8140937dd9e3f6e77d8) Importer(815301076,1909f56bfc062723c751e8b465ee728b)
Start importing Assets/farming-houses_5.prefab using Guid(0ee9b48858b4d8140937dd9e3f6e77d8) Importer(815301076,1909f56bfc062723c751e8b465ee728b)  -> (artifact id: '8731d0444c75e6886f9662309a2c9f72') in 0.016418 seconds 
========================================================================
Received Import Request.
  Time since last request: 141.342074 seconds.
  path: Assets/Script/Buildings/woman-idle-1.prefab
  artifactKey: Guid(9b6c138633a618e4aa9e9d1d6662660b) Importer(815301076,1909f56bfc062723c751e8b465ee728b)
Start importing Assets/Script/Buildings/woman-idle-1.prefab using Guid(9b6c138633a618e4aa9e9d1d6662660b) Importer(815301076,1909f56bfc062723c751e8b465ee728b)  -> (artifact id: '4d0e962d821d6ae61689e9d35e43e35f') in 0.023103 seconds 
========================================================================
Received Import Request.
  Time since last request: 158.996322 seconds.
  path: Assets/Script/woman-idle-1.prefab
  artifactKey: Guid(eb43a17ed2cdd2a4ea3d44aec814d368) Importer(815301076,1909f56bfc062723c751e8b465ee728b)
Start importing Assets/Script/woman-idle-1.prefab using Guid(eb43a17ed2cdd2a4ea3d44aec814d368) Importer(815301076,1909f56bfc062723c751e8b465ee728b)  -> (artifact id: '3274a37c42252b2cdd7622ea40e18981') in 0.019820 seconds 
========================================================================
Received Import Request.
  Time since last request: 329.228776 seconds.
  path: Assets/woman-idle-1.prefab
  artifactKey: Guid(99e1e08a58ce8344c9e6d70a8bef8e50) Importer(815301076,1909f56bfc062723c751e8b465ee728b)
Start importing Assets/woman-idle-1.prefab using Guid(99e1e08a58ce8344c9e6d70a8bef8e50) Importer(815301076,1909f56bfc062723c751e8b465ee728b)  -> (artifact id: '73fd1aab529c2a68271bf6088cc75ac6') in 0.022639 seconds 
========================================================================
Received Import Request.
  Time since last request: 43.170891 seconds.
  path: Assets/woman-idle-1.prefab
  artifactKey: Guid(99e1e08a58ce8344c9e6d70a8bef8e50) Importer(815301076,1909f56bfc062723c751e8b465ee728b)
Start importing Assets/woman-idle-1.prefab using Guid(99e1e08a58ce8344c9e6d70a8bef8e50) Importer(815301076,1909f56bfc062723c751e8b465ee728b)  -> (artifact id: '707cef5992f455f63bfa78a26e721c0c') in 0.017495 seconds 
