Using pre-set license
Built from '2021.3/staging' branch; Version is '2021.3.10f1 (1c7d0df0160b) revision 1867021'; Using compiler version '192829333'; Build Type 'Release'
OS: 'Windows 10  (10.0.19045) 64bit Professional' Language: 'ru' Physical Memory: 16313 MB
BatchMode: 1, IsHumanControllingUs: 0, StartBugReporterOnCrash: 0, Is64bit: 1, IsPro: 1

COMMAND LINE ARGUMENTS:
D:\Unity\2021.3.10f1\Editor\Unity.exe
-adb2
-batchMode
-noUpm
-name
AssetImportWorker4
-projectPath
D:/Farm
-logFile
Logs/AssetImportWorker4.log
-srvPort
61001
Successfully changed project path to: D:/Farm
D:/Farm
[UnityMemory] Configuration Parameters - Can be set up in boot.config
    "memorysetup-bucket-allocator-granularity=16"
    "memorysetup-bucket-allocator-bucket-count=8"
    "memorysetup-bucket-allocator-block-size=33554432"
    "memorysetup-bucket-allocator-block-count=8"
    "memorysetup-main-allocator-block-size=16777216"
    "memorysetup-thread-allocator-block-size=16777216"
    "memorysetup-gfx-main-allocator-block-size=16777216"
    "memorysetup-gfx-thread-allocator-block-size=16777216"
    "memorysetup-cache-allocator-block-size=4194304"
    "memorysetup-typetree-allocator-block-size=2097152"
    "memorysetup-profiler-bucket-allocator-granularity=16"
    "memorysetup-profiler-bucket-allocator-bucket-count=8"
    "memorysetup-profiler-bucket-allocator-block-size=33554432"
    "memorysetup-profiler-bucket-allocator-block-count=8"
    "memorysetup-profiler-allocator-block-size=16777216"
    "memorysetup-profiler-editor-allocator-block-size=1048576"
    "memorysetup-temp-allocator-size-main=16777216"
    "memorysetup-job-temp-allocator-block-size=2097152"
    "memorysetup-job-temp-allocator-block-size-background=1048576"
    "memorysetup-job-temp-allocator-reduction-small-platforms=262144"
    "memorysetup-temp-allocator-size-background-worker=32768"
    "memorysetup-temp-allocator-size-job-worker=262144"
    "memorysetup-temp-allocator-size-preload-manager=33554432"
    "memorysetup-temp-allocator-size-nav-mesh-worker=65536"
    "memorysetup-temp-allocator-size-audio-worker=65536"
    "memorysetup-temp-allocator-size-cloud-worker=32768"
    "memorysetup-temp-allocator-size-gi-baking-worker=262144"
    "memorysetup-temp-allocator-size-gfx=262144"
Refreshing native plugins compatible for Editor in 126.67 ms, found 4 plugins.
Preloading 0 native plugins for Editor in 0.00 ms.
Initialize engine version: 2021.3.10f1 (1c7d0df0160b)
[Subsystems] Discovering subsystems at path D:/Unity/2021.3.10f1/Editor/Data/Resources/UnitySubsystems
[Subsystems] Discovering subsystems at path D:/Farm/Assets
GfxDevice: creating device client; threaded=0; jobified=0
Direct3D:
    Version:  Direct3D 11.0 [level 11.1]
    Renderer: NVIDIA GeForce RTX 2060 (ID=0x1e89)
    Vendor:   NVIDIA
    VRAM:     5958 MB
    Driver:   31.0.15.2698
Initialize mono
Mono path[0] = 'D:/Unity/2021.3.10f1/Editor/Data/Managed'
Mono path[1] = 'D:/Unity/2021.3.10f1/Editor/Data/MonoBleedingEdge/lib/mono/unityjit-win32'
Mono config path = 'D:/Unity/2021.3.10f1/Editor/Data/MonoBleedingEdge/etc'
Using monoOptions --debugger-agent=transport=dt_socket,embedding=1,server=y,suspend=n,address=127.0.0.1:56156
Begin MonoManager ReloadAssembly
Registering precompiled unity dll's ...
Register platform support module: D:/Unity/2021.3.10f1/Editor/Data/PlaybackEngines/AndroidPlayer/UnityEditor.Android.Extensions.dll
Register platform support module: D:/Unity/2021.3.10f1/Editor/Data/PlaybackEngines/WindowsStandaloneSupport/UnityEditor.WindowsStandalone.Extensions.dll
Registered in 0.002676 seconds.
Native extension for WindowsStandalone target not found
Native extension for Android target not found
Refreshing native plugins compatible for Editor in 94.85 ms, found 4 plugins.
Preloading 0 native plugins for Editor in 0.00 ms.
Mono: successfully reloaded assembly
- Completed reload, in  0.672 seconds
Domain Reload Profiling:
	ReloadAssembly (674ms)
		BeginReloadAssembly (87ms)
			ExecutionOrderSort (0ms)
			DisableScriptedObjects (0ms)
			BackupInstance (0ms)
			ReleaseScriptingObjects (0ms)
			CreateAndSetChildDomain (1ms)
		EndReloadAssembly (481ms)
			LoadAssemblies (87ms)
			RebuildTransferFunctionScriptingTraits (0ms)
			SetupTypeCache (104ms)
			ReleaseScriptCaches (0ms)
			RebuildScriptCaches (27ms)
			SetupLoadedEditorAssemblies (306ms)
				LogAssemblyErrors (0ms)
				InitializePlatformSupportModulesInManaged (50ms)
				SetLoadedEditorAssemblies (0ms)
				RefreshPlugins (95ms)
				BeforeProcessingInitializeOnLoad (1ms)
				ProcessInitializeOnLoadAttributes (110ms)
				ProcessInitializeOnLoadMethodAttributes (50ms)
				AfterProcessingInitializeOnLoad (0ms)
				EditorAssembliesLoaded (0ms)
			ExecutionOrderSort2 (0ms)
			AwakeInstancesAfterBackupRestoration (0ms)
Platform modules already initialized, skipping
Registering precompiled user dll's ...
Registered in 0.005278 seconds.
Begin MonoManager ReloadAssembly
Symbol file LoadedFromMemory doesn't match image D:\Farm\Library\PackageCache\com.unity.visualscripting@1.7.8\Editor\VisualScripting.Core\Dependencies\YamlDotNet\Unity.VisualScripting.YamlDotNet.dll
Symbol file LoadedFromMemory doesn't match image D:\Farm\Library\PackageCache\com.unity.visualscripting@1.7.8\Editor\VisualScripting.Core\Dependencies\DotNetZip\Unity.VisualScripting.IonicZip.dll
Native extension for WindowsStandalone target not found
Native extension for Android target not found
Refreshing native plugins compatible for Editor in 129.48 ms, found 4 plugins.
Preloading 0 native plugins for Editor in 0.00 ms.
Mono: successfully reloaded assembly
- Completed reload, in  1.492 seconds
Domain Reload Profiling:
	ReloadAssembly (1493ms)
		BeginReloadAssembly (228ms)
			ExecutionOrderSort (0ms)
			DisableScriptedObjects (6ms)
			BackupInstance (0ms)
			ReleaseScriptingObjects (0ms)
			CreateAndSetChildDomain (137ms)
		EndReloadAssembly (1159ms)
			LoadAssemblies (87ms)
			RebuildTransferFunctionScriptingTraits (0ms)
			SetupTypeCache (347ms)
			ReleaseScriptCaches (1ms)
			RebuildScriptCaches (91ms)
			SetupLoadedEditorAssemblies (567ms)
				LogAssemblyErrors (0ms)
				InitializePlatformSupportModulesInManaged (17ms)
				SetLoadedEditorAssemblies (0ms)
				RefreshPlugins (130ms)
				BeforeProcessingInitializeOnLoad (147ms)
				ProcessInitializeOnLoadAttributes (229ms)
				ProcessInitializeOnLoadMethodAttributes (42ms)
				AfterProcessingInitializeOnLoad (3ms)
				EditorAssembliesLoaded (0ms)
			ExecutionOrderSort2 (0ms)
			AwakeInstancesAfterBackupRestoration (5ms)
Platform modules already initialized, skipping
========================================================================
Worker process is ready to serve import requests
Launched and connected shader compiler UnityShaderCompiler.exe after 0.06 seconds
Refreshing native plugins compatible for Editor in 0.99 ms, found 4 plugins.
Preloading 0 native plugins for Editor in 0.00 ms.
Unloading 4069 Unused Serialized files (Serialized files now loaded: 0)
Unloading 44 unused Assets / (229.3 KB). Loaded Objects now: 4521.
Memory consumption went from 151.4 MB to 151.2 MB.
Total: 4.019100 ms (FindLiveObjects: 0.459200 ms CreateObjectMapping: 0.099800 ms MarkObjects: 3.173900 ms  DeleteObjects: 0.284800 ms)

AssetImportParameters requested are different than current active one (requested -> active):
  custom:video-decoder-ogg-theora: a1e56fd34408186e4bbccfd4996cb3dc -> 
  custom:container-muxer-webm: aa71ff27fc2769a1b78a27578f13a17b -> 
  custom:container-demuxer-webm: 4f35f7cbe854078d1ac9338744f61a02 -> 
  custom:video-encoder-webm-vp8: eb34c28f22e8b96e1ab97ce403110664 -> 
  custom:audio-encoder-webm-vorbis: bf7c407c2cedff20999df2af8eb42d56 -> 
  custom:framework-win-MediaFoundation: 216162199b28c13a410421893ffa2e32 -> 
  custom:container-demuxer-ogg: 62fdf1f143b41e24485cea50d1cbac27 -> 
  custom:video-decoder-webm-vp8: 9c59270c3fd7afecdb556c50c9e8de78 -> 
  custom:audio-decoder-ogg-vorbis: bf7c407c2cedff20999df2af8eb42d56 -> 
========================================================================
Received Import Request.
  Time since last request: 798525.801114 seconds.
  path: Assets/Gothicvania-Town
  artifactKey: Guid(4f7e9b8981c11fb40b49707060cb3423) Importer(815301076,1909f56bfc062723c751e8b465ee728b)
Start importing Assets/Gothicvania-Town using Guid(4f7e9b8981c11fb40b49707060cb3423) Importer(815301076,1909f56bfc062723c751e8b465ee728b)  -> (artifact id: '790b7185731143914803ede3b65945f6') in 0.010604 seconds 
========================================================================
Received Import Request.
  Time since last request: 2.305194 seconds.
  path: Assets/Gothicvania-Town/Animations
  artifactKey: Guid(e59ce6be9c9dc4c6cb72dfa52d777230) Importer(815301076,1909f56bfc062723c751e8b465ee728b)
Start importing Assets/Gothicvania-Town/Animations using Guid(e59ce6be9c9dc4c6cb72dfa52d777230) Importer(815301076,1909f56bfc062723c751e8b465ee728b)  -> (artifact id: '8028d66ad761a2ee874062c383b7bd0e') in 0.001446 seconds 
========================================================================
Received Import Request.
  Time since last request: 0.961532 seconds.
  path: Assets/Gothicvania-Town/Animations/bearded-idle-3.controller
  artifactKey: Guid(c47bd3f1a68ca4caca94bbbebf69ba0e) Importer(815301076,1909f56bfc062723c751e8b465ee728b)
Start importing Assets/Gothicvania-Town/Animations/bearded-idle-3.controller using Guid(c47bd3f1a68ca4caca94bbbebf69ba0e) Importer(815301076,1909f56bfc062723c751e8b465ee728b)  -> (artifact id: '310fdf13eaf665cbed1c71e7f7e20d6a') in 0.543728 seconds 
========================================================================
Received Import Request.
  Time since last request: 0.223085 seconds.
  path: Assets/Gothicvania-Town/Animations/bearded-idle.anim
  artifactKey: Guid(f4eb954b664ef49d08e94e8cf6e1a49f) Importer(815301076,1909f56bfc062723c751e8b465ee728b)
Start importing Assets/Gothicvania-Town/Animations/bearded-idle.anim using Guid(f4eb954b664ef49d08e94e8cf6e1a49f) Importer(815301076,1909f56bfc062723c751e8b465ee728b)  -> (artifact id: 'fb385a646b1dad5ff46885a50c5d1dff') in 0.003340 seconds 
========================================================================
Received Import Request.
  Time since last request: 7.465493 seconds.
  path: Assets/Gothicvania-Town/Art/Sprites/bearded-idle/bearded-idle-1.png
  artifactKey: Guid(e4ab738c3a9c842b69fa93cbbff0ea53) Importer(815301076,1909f56bfc062723c751e8b465ee728b)
Start importing Assets/Gothicvania-Town/Art/Sprites/bearded-idle/bearded-idle-1.png using Guid(e4ab738c3a9c842b69fa93cbbff0ea53) Importer(815301076,1909f56bfc062723c751e8b465ee728b)  -> (artifact id: '17388e4d54710e2d4be5376493c8c602') in 0.154200 seconds 
========================================================================
Received Import Request.
  Time since last request: 2.570521 seconds.
  path: Assets/Gothicvania-Town/Animations/bearded-walk-4.controller
  artifactKey: Guid(204c3c8aa33944d03b7600a1c2d8df19) Importer(815301076,1909f56bfc062723c751e8b465ee728b)
Start importing Assets/Gothicvania-Town/Animations/bearded-walk-4.controller using Guid(204c3c8aa33944d03b7600a1c2d8df19) Importer(815301076,1909f56bfc062723c751e8b465ee728b)  -> (artifact id: 'd2c67418c778132322b5969ab1df6ee0') in 0.006901 seconds 
========================================================================
Received Import Request.
  Time since last request: 0.899083 seconds.
  path: Assets/Gothicvania-Town/Animations/bearded-walk.anim
  artifactKey: Guid(01372281352484dd687f34152981524e) Importer(815301076,1909f56bfc062723c751e8b465ee728b)
Start importing Assets/Gothicvania-Town/Animations/bearded-walk.anim using Guid(01372281352484dd687f34152981524e) Importer(815301076,1909f56bfc062723c751e8b465ee728b)  -> (artifact id: '38f87b6a0e28ff21a68e7afb6d1c5dfd') in 0.002210 seconds 
========================================================================
Received Import Request.
  Time since last request: 4.619236 seconds.
  path: Assets/Gothicvania-Town/Art/Sprites/bearded-walk/bearded-walk-1.png
  artifactKey: Guid(7dae316cab1f54aeea0b7b52a1f0495d) Importer(815301076,1909f56bfc062723c751e8b465ee728b)
Start importing Assets/Gothicvania-Town/Art/Sprites/bearded-walk/bearded-walk-1.png using Guid(7dae316cab1f54aeea0b7b52a1f0495d) Importer(815301076,1909f56bfc062723c751e8b465ee728b)  -> (artifact id: 'f111fee4aa18a0f468108f2f0cfc4ae7') in 0.048511 seconds 
========================================================================
Received Import Request.
  Time since last request: 0.000064 seconds.
  path: Assets/Gothicvania-Town/Art/Sprites/bearded-walk/bearded-walk-6.png
  artifactKey: Guid(35140b321bc564c93876fe5a7bb532dc) Importer(815301076,1909f56bfc062723c751e8b465ee728b)
Start importing Assets/Gothicvania-Town/Art/Sprites/bearded-walk/bearded-walk-6.png using Guid(35140b321bc564c93876fe5a7bb532dc) Importer(815301076,1909f56bfc062723c751e8b465ee728b)  -> (artifact id: 'b37b2035e54b7aab8de3da6ea6885b0f') in 0.036813 seconds 
========================================================================
Received Import Request.
  Time since last request: 12.969848 seconds.
  path: Assets/Gothicvania-Town/Art
  artifactKey: Guid(c2b75d76344fa4eb2a35e43ceff06d21) Importer(815301076,1909f56bfc062723c751e8b465ee728b)
Start importing Assets/Gothicvania-Town/Art using Guid(c2b75d76344fa4eb2a35e43ceff06d21) Importer(815301076,1909f56bfc062723c751e8b465ee728b)  -> (artifact id: '000d30b3c691bc0809e22dff0de1e297') in 0.001812 seconds 
========================================================================
Received Import Request.
  Time since last request: 1.239858 seconds.
  path: Assets/Gothicvania-Town/Art/Sprites
  artifactKey: Guid(f8b057f1ccf424086a146d170a33bb29) Importer(815301076,1909f56bfc062723c751e8b465ee728b)
Start importing Assets/Gothicvania-Town/Art/Sprites using Guid(f8b057f1ccf424086a146d170a33bb29) Importer(815301076,1909f56bfc062723c751e8b465ee728b)  -> (artifact id: 'b31f361ddd86644cfed7f6fc0eee69bb') in 0.001443 seconds 
========================================================================
Received Import Request.
  Time since last request: 4.190512 seconds.
  path: Assets/Gothicvania-Town/Art/Sprites/woman-idle
  artifactKey: Guid(40c78764fbb6c4bca858556e5035f02d) Importer(815301076,1909f56bfc062723c751e8b465ee728b)
Start importing Assets/Gothicvania-Town/Art/Sprites/woman-idle using Guid(40c78764fbb6c4bca858556e5035f02d) Importer(815301076,1909f56bfc062723c751e8b465ee728b)  -> (artifact id: 'cb752f985026fbb239f73dbe312cd617') in 0.001360 seconds 
========================================================================
Received Import Request.
  Time since last request: 0.039149 seconds.
  path: Assets/Gothicvania-Town/Art/Sprites/woman-idle/woman-idle-1.png
  artifactKey: Guid(9028111435c6746acb60089b99efcf8f) Importer(815301076,1909f56bfc062723c751e8b465ee728b)
Start importing Assets/Gothicvania-Town/Art/Sprites/woman-idle/woman-idle-1.png using Guid(9028111435c6746acb60089b99efcf8f) Importer(815301076,1909f56bfc062723c751e8b465ee728b)  -> (artifact id: '142c1b128f23ff421c6e09df05cf1734') in 0.019519 seconds 
========================================================================
Received Import Request.
  Time since last request: 0.000032 seconds.
  path: Assets/Gothicvania-Town/Art/Sprites/woman-idle/woman-idle-7.png
  artifactKey: Guid(d113d7c0b82df49eaa0bca078e4e9a79) Importer(815301076,1909f56bfc062723c751e8b465ee728b)
Start importing Assets/Gothicvania-Town/Art/Sprites/woman-idle/woman-idle-7.png using Guid(d113d7c0b82df49eaa0bca078e4e9a79) Importer(815301076,1909f56bfc062723c751e8b465ee728b)  -> (artifact id: '3dcd59daa1027f52e35401f30e8c1f9f') in 0.022452 seconds 
========================================================================
Received Import Request.
  Time since last request: 3.423484 seconds.
  path: Assets/Gothicvania-Town/Art/Sprites/woman-walk
  artifactKey: Guid(bc399752b1ea041d9bf54f048c5a6b6c) Importer(815301076,1909f56bfc062723c751e8b465ee728b)
Start importing Assets/Gothicvania-Town/Art/Sprites/woman-walk using Guid(bc399752b1ea041d9bf54f048c5a6b6c) Importer(815301076,1909f56bfc062723c751e8b465ee728b)  -> (artifact id: '99370d578fbcd9f8748a2969b4bd6c9e') in 0.001360 seconds 
========================================================================
Received Import Request.
  Time since last request: 0.000041 seconds.
  path: Assets/Gothicvania-Town/Art/Sprites/woman-walk/woman-walk-3.png
  artifactKey: Guid(6b7480d049df7495dabbb2d7ac49298b) Importer(815301076,1909f56bfc062723c751e8b465ee728b)
Start importing Assets/Gothicvania-Town/Art/Sprites/woman-walk/woman-walk-3.png using Guid(6b7480d049df7495dabbb2d7ac49298b) Importer(815301076,1909f56bfc062723c751e8b465ee728b)  -> (artifact id: '203801ec26c48b2bba4ce47c75997bc5') in 0.015633 seconds 
========================================================================
Received Import Request.
  Time since last request: 0.000031 seconds.
  path: Assets/Gothicvania-Town/Art/Sprites/woman-walk/woman-walk-6.png
  artifactKey: Guid(19c21e75775b54859a836682f7043799) Importer(815301076,1909f56bfc062723c751e8b465ee728b)
Start importing Assets/Gothicvania-Town/Art/Sprites/woman-walk/woman-walk-6.png using Guid(19c21e75775b54859a836682f7043799) Importer(815301076,1909f56bfc062723c751e8b465ee728b)  -> (artifact id: 'ece1b648b05df463560666f6b17ee726') in 0.015741 seconds 
========================================================================
Received Import Request.
  Time since last request: 217.708952 seconds.
  path: Assets/Farming Asset Pack/farming-tileset_cut-photo.ru.png
  artifactKey: Guid(d15af6e907e18e1489e5f8511e9d9381) Importer(815301076,1909f56bfc062723c751e8b465ee728b)
Start importing Assets/Farming Asset Pack/farming-tileset_cut-photo.ru.png using Guid(d15af6e907e18e1489e5f8511e9d9381) Importer(815301076,1909f56bfc062723c751e8b465ee728b)  -> (artifact id: 'a88d00c53146a27974d72d5e17357f2a') in 0.018539 seconds 
========================================================================
Received Import Request.
  Time since last request: 5.748241 seconds.
  path: Assets/Farming Asset Pack/Ground.png
  artifactKey: Guid(d15af6e907e18e1489e5f8511e9d9381) Importer(815301076,1909f56bfc062723c751e8b465ee728b)
Start importing Assets/Farming Asset Pack/Ground.png using Guid(d15af6e907e18e1489e5f8511e9d9381) Importer(815301076,1909f56bfc062723c751e8b465ee728b)  -> (artifact id: '321d4e6e586536ed0fa0a028a2ce1bb0') in 0.018852 seconds 
========================================================================
Received Import Request.
  Time since last request: 91.180937 seconds.
  path: Assets/Farming Asset Pack/farming-tileset_cut-photo.ru (1).png
  artifactKey: Guid(fe5f1cc34b7ca8c43bb8fa090c1ab78b) Importer(815301076,1909f56bfc062723c751e8b465ee728b)
Start importing Assets/Farming Asset Pack/farming-tileset_cut-photo.ru (1).png using Guid(fe5f1cc34b7ca8c43bb8fa090c1ab78b) Importer(815301076,1909f56bfc062723c751e8b465ee728b)  -> (artifact id: '46890cbae709fd367b8ddb6c399f3155') in 0.108707 seconds 
========================================================================
Received Import Request.
  Time since last request: 202.883429 seconds.
  path: Assets/Farming Asset Pack/farming-tileset_cut-photo.ru (3).png
  artifactKey: Guid(64ac87c74f6b9e14fade6c4643b00d14) Importer(815301076,1909f56bfc062723c751e8b465ee728b)
Start importing Assets/Farming Asset Pack/farming-tileset_cut-photo.ru (3).png using Guid(64ac87c74f6b9e14fade6c4643b00d14) Importer(815301076,1909f56bfc062723c751e8b465ee728b)  -> (artifact id: '01907ac2ecf76954a8b5b5563e5f0336') in 0.091928 seconds 
========================================================================
Received Import Request.
  Time since last request: 304.049538 seconds.
  path: Assets/Farming Asset Pack/pixil-frame-0 (2).png
  artifactKey: Guid(9d54c13db0d06ca45bbf90fb75434acf) Importer(815301076,1909f56bfc062723c751e8b465ee728b)
Start importing Assets/Farming Asset Pack/pixil-frame-0 (2).png using Guid(9d54c13db0d06ca45bbf90fb75434acf) Importer(815301076,1909f56bfc062723c751e8b465ee728b)  -> (artifact id: 'a9622aa085d48919fb6c50f63175e548') in 0.100473 seconds 
========================================================================
Received Import Request.
  Time since last request: 75.606321 seconds.
  path: Assets/Farming Asset Pack/pixil-frame-0 (2)_cut-photo.ru.png
  artifactKey: Guid(6bbdb6d56cc72ad409ae50d78a7618fc) Importer(815301076,1909f56bfc062723c751e8b465ee728b)
Start importing Assets/Farming Asset Pack/pixil-frame-0 (2)_cut-photo.ru.png using Guid(6bbdb6d56cc72ad409ae50d78a7618fc) Importer(815301076,1909f56bfc062723c751e8b465ee728b)  -> (artifact id: '5a1831cadd0191ece5c58fa33846d428') in 0.015755 seconds 
========================================================================
Received Import Request.
  Time since last request: 176.749203 seconds.
  path: Assets/Farming Asset Pack/farming-chicken.png
  artifactKey: Guid(1577f106ceccd624895112215c69960a) Importer(2089858483,0ecaa5967403d082aa24f35e1b516d23)
Start importing Assets/Farming Asset Pack/farming-chicken.png using Guid(1577f106ceccd624895112215c69960a) Importer(2089858483,0ecaa5967403d082aa24f35e1b516d23) Generated GUIDs only implemented for interfaces!
 -> (artifact id: 'e978e1f1889032f772f3ef23ec8e8922') in 0.160070 seconds 
========================================================================
Received Import Request.
  Time since last request: 0.000034 seconds.
  path: Assets/Gothicvania-Town/Art/Sprites/bearded-walk/bearded-walk-5.png
  artifactKey: Guid(b0b63da2b52704d65a05fb59f335baf3) Importer(2089858483,0ecaa5967403d082aa24f35e1b516d23)
Start importing Assets/Gothicvania-Town/Art/Sprites/bearded-walk/bearded-walk-5.png using Guid(b0b63da2b52704d65a05fb59f335baf3) Importer(2089858483,0ecaa5967403d082aa24f35e1b516d23) Generated GUIDs only implemented for interfaces!
 -> (artifact id: 'b428b414528995ffb15792ca56318db9') in 0.012931 seconds 
========================================================================
Received Import Request.
  Time since last request: 0.000029 seconds.
  path: Assets/Gothicvania-Town/Art/Environment/sliced-tileset/stairs-wall-right.png
  artifactKey: Guid(8dabf977c81c04dff9a660aa781786e0) Importer(2089858483,0ecaa5967403d082aa24f35e1b516d23)
Start importing Assets/Gothicvania-Town/Art/Environment/sliced-tileset/stairs-wall-right.png using Guid(8dabf977c81c04dff9a660aa781786e0) Importer(2089858483,0ecaa5967403d082aa24f35e1b516d23) Generated GUIDs only implemented for interfaces!
 -> (artifact id: 'a404a5bde5142cc5f5d96bb5c8235a1b') in 0.017915 seconds 
========================================================================
Received Import Request.
  Time since last request: 0.000027 seconds.
  path: Assets/Farming Asset Pack/pixil-frame-0 (2)_cut-photo.ru.png
  artifactKey: Guid(6bbdb6d56cc72ad409ae50d78a7618fc) Importer(2089858483,0ecaa5967403d082aa24f35e1b516d23)
Start importing Assets/Farming Asset Pack/pixil-frame-0 (2)_cut-photo.ru.png using Guid(6bbdb6d56cc72ad409ae50d78a7618fc) Importer(2089858483,0ecaa5967403d082aa24f35e1b516d23) Generated GUIDs only implemented for interfaces!
 -> (artifact id: '7396380f407698f1acbb57d3f2e38d7d') in 0.012509 seconds 
========================================================================
Received Import Request.
  Time since last request: 0.000029 seconds.
  path: Assets/Gothicvania-Town/Art/Environment/sliced-tileset/stairs-wall-mirror-right.png
  artifactKey: Guid(a15be16791e2a4bf9926da9c40933bf3) Importer(2089858483,0ecaa5967403d082aa24f35e1b516d23)
Start importing Assets/Gothicvania-Town/Art/Environment/sliced-tileset/stairs-wall-mirror-right.png using Guid(a15be16791e2a4bf9926da9c40933bf3) Importer(2089858483,0ecaa5967403d082aa24f35e1b516d23) Generated GUIDs only implemented for interfaces!
 -> (artifact id: '03239953a7d13ce5cfd2030d8e0d98c0') in 0.016385 seconds 
========================================================================
Received Import Request.
  Time since last request: 0.000029 seconds.
  path: Assets/Gothicvania-Town/Art/Environment/sliced-tileset/top-left-wood.png
  artifactKey: Guid(2cc76c8c4b12247ccb7a15d03fef738b) Importer(2089858483,0ecaa5967403d082aa24f35e1b516d23)
Start importing Assets/Gothicvania-Town/Art/Environment/sliced-tileset/top-left-wood.png using Guid(2cc76c8c4b12247ccb7a15d03fef738b) Importer(2089858483,0ecaa5967403d082aa24f35e1b516d23) Generated GUIDs only implemented for interfaces!
 -> (artifact id: 'a3b7a0b4719f96fd5be98fc1cf50b079') in 0.016262 seconds 
========================================================================
Received Import Request.
  Time since last request: 0.000027 seconds.
  path: Assets/Gothicvania-Town/Art/Sprites/hat-man-idle/hat-man-idle-4.png
  artifactKey: Guid(417f4d0e791d3450d9f1009ce4274222) Importer(2089858483,0ecaa5967403d082aa24f35e1b516d23)
Start importing Assets/Gothicvania-Town/Art/Sprites/hat-man-idle/hat-man-idle-4.png using Guid(417f4d0e791d3450d9f1009ce4274222) Importer(2089858483,0ecaa5967403d082aa24f35e1b516d23) Generated GUIDs only implemented for interfaces!
 -> (artifact id: '714b2241ad9abf05a0eaf6f6a99af35f') in 0.016538 seconds 
========================================================================
Received Import Request.
  Time since last request: 0.000025 seconds.
  path: Assets/Gothicvania-Town/Art/Sprites/hat-man-walk/hat-man-walk-1.png
  artifactKey: Guid(84c76ead687fd4774b85e6e8c56fe2b2) Importer(2089858483,0ecaa5967403d082aa24f35e1b516d23)
Start importing Assets/Gothicvania-Town/Art/Sprites/hat-man-walk/hat-man-walk-1.png using Guid(84c76ead687fd4774b85e6e8c56fe2b2) Importer(2089858483,0ecaa5967403d082aa24f35e1b516d23) Generated GUIDs only implemented for interfaces!
 -> (artifact id: '881de18e9672a17accfc00cf77978cf2') in 0.015488 seconds 
========================================================================
Received Import Request.
  Time since last request: 0.000024 seconds.
  path: Assets/Gothicvania-Town/Animations/bearded-walk-4.controller
  artifactKey: Guid(204c3c8aa33944d03b7600a1c2d8df19) Importer(2089858483,0ecaa5967403d082aa24f35e1b516d23)
Start importing Assets/Gothicvania-Town/Animations/bearded-walk-4.controller using Guid(204c3c8aa33944d03b7600a1c2d8df19) Importer(2089858483,0ecaa5967403d082aa24f35e1b516d23) Generated GUIDs only implemented for interfaces!
 -> (artifact id: 'cb78e9febd95d8594d5ef1724673ce7f') in 0.004772 seconds 
========================================================================
Received Import Request.
  Time since last request: 0.000020 seconds.
  path: Assets/Farming Asset Pack/farming-tileset.png
  artifactKey: Guid(2700e06d970d112489ff23cfb58c3f78) Importer(2089858483,0ecaa5967403d082aa24f35e1b516d23)
Start importing Assets/Farming Asset Pack/farming-tileset.png using Guid(2700e06d970d112489ff23cfb58c3f78) Importer(2089858483,0ecaa5967403d082aa24f35e1b516d23) Generated GUIDs only implemented for interfaces!
 -> (artifact id: 'f2a1ed2be7c7a094fe2e1a7c38b54796') in 1.092864 seconds 
========================================================================
Received Import Request.
  Time since last request: 0.000049 seconds.
  path: Assets/Gothicvania-Town/Art/Environment/sliced-tileset/stairs-left.png
  artifactKey: Guid(9b3f5e3b1c9ca42abbd9656c79a457c1) Importer(2089858483,0ecaa5967403d082aa24f35e1b516d23)
Start importing Assets/Gothicvania-Town/Art/Environment/sliced-tileset/stairs-left.png using Guid(9b3f5e3b1c9ca42abbd9656c79a457c1) Importer(2089858483,0ecaa5967403d082aa24f35e1b516d23) Generated GUIDs only implemented for interfaces!
 -> (artifact id: '94b4e71c436b4a843031bb61366955ec') in 0.022915 seconds 
========================================================================
Received Import Request.
  Time since last request: 0.000034 seconds.
  path: Assets/Gothicvania-Town/Art/Environment/sliced-tileset/ground-b.png
  artifactKey: Guid(c1a385a8c5e9341289e2da2aee5323e4) Importer(2089858483,0ecaa5967403d082aa24f35e1b516d23)
Start importing Assets/Gothicvania-Town/Art/Environment/sliced-tileset/ground-b.png using Guid(c1a385a8c5e9341289e2da2aee5323e4) Importer(2089858483,0ecaa5967403d082aa24f35e1b516d23) Generated GUIDs only implemented for interfaces!
 -> (artifact id: 'ed092a72269c62922b93f996d1c6666a') in 0.020761 seconds 
========================================================================
Received Import Request.
  Time since last request: 0.000026 seconds.
  path: Assets/Gothicvania-Town/Art/Sprites/bearded-idle/bearded-idle-5.png
  artifactKey: Guid(015cc9e6c3749435f8a1905cadfa8fb3) Importer(2089858483,0ecaa5967403d082aa24f35e1b516d23)
Start importing Assets/Gothicvania-Town/Art/Sprites/bearded-idle/bearded-idle-5.png using Guid(015cc9e6c3749435f8a1905cadfa8fb3) Importer(2089858483,0ecaa5967403d082aa24f35e1b516d23) Generated GUIDs only implemented for interfaces!
 -> (artifact id: 'fbc90b06904d41c764e103fbc3aa26ec') in 0.014208 seconds 
========================================================================
Received Import Request.
  Time since last request: 0.000030 seconds.
  path: Assets/Gothicvania-Town/Art/Environment/sliced-tileset/right-corner.png
  artifactKey: Guid(af4e3be53e9b641998a9eace67f71d7c) Importer(2089858483,0ecaa5967403d082aa24f35e1b516d23)
Start importing Assets/Gothicvania-Town/Art/Environment/sliced-tileset/right-corner.png using Guid(af4e3be53e9b641998a9eace67f71d7c) Importer(2089858483,0ecaa5967403d082aa24f35e1b516d23) Generated GUIDs only implemented for interfaces!
 -> (artifact id: '42abf593d0e53f0a0425b82701d97d1f') in 0.019169 seconds 
========================================================================
Received Import Request.
  Time since last request: 0.000034 seconds.
  path: Assets/Gothicvania-Town/Art/Environment/props-sliced/wagon.png
  artifactKey: Guid(cc1415a2dbac24b36ba3fb03933714c8) Importer(2089858483,0ecaa5967403d082aa24f35e1b516d23)
Start importing Assets/Gothicvania-Town/Art/Environment/props-sliced/wagon.png using Guid(cc1415a2dbac24b36ba3fb03933714c8) Importer(2089858483,0ecaa5967403d082aa24f35e1b516d23) Generated GUIDs only implemented for interfaces!
 -> (artifact id: '65217e63bf403cb421d472ede4c35214') in 0.019128 seconds 
========================================================================
Received Import Request.
  Time since last request: 0.000021 seconds.
  path: Assets/Gothicvania-Town/Art/Sprites/woman-idle/woman-idle-3.png
  artifactKey: Guid(b0d7d17d79d384a8580f6236d8fd8006) Importer(2089858483,0ecaa5967403d082aa24f35e1b516d23)
Start importing Assets/Gothicvania-Town/Art/Sprites/woman-idle/woman-idle-3.png using Guid(b0d7d17d79d384a8580f6236d8fd8006) Importer(2089858483,0ecaa5967403d082aa24f35e1b516d23) Generated GUIDs only implemented for interfaces!
 -> (artifact id: '9043301663949d4e8219f2b37ec1522e') in 0.014649 seconds 
========================================================================
Received Import Request.
  Time since last request: 0.000033 seconds.
  path: Assets/Gothicvania-Town/Animations/woman-walk-6.controller
  artifactKey: Guid(5fc17cc323354438cb1f350f67b0fa70) Importer(2089858483,0ecaa5967403d082aa24f35e1b516d23)
Start importing Assets/Gothicvania-Town/Animations/woman-walk-6.controller using Guid(5fc17cc323354438cb1f350f67b0fa70) Importer(2089858483,0ecaa5967403d082aa24f35e1b516d23) Generated GUIDs only implemented for interfaces!
 -> (artifact id: '7f833345b4b6b243ff073fd57cf1a3fa') in 0.008010 seconds 
========================================================================
Received Import Request.
  Time since last request: 0.000026 seconds.
  path: Assets/Gothicvania-Town/Art/Sprites/woman-walk/woman-walk-3.png
  artifactKey: Guid(6b7480d049df7495dabbb2d7ac49298b) Importer(2089858483,0ecaa5967403d082aa24f35e1b516d23)
Start importing Assets/Gothicvania-Town/Art/Sprites/woman-walk/woman-walk-3.png using Guid(6b7480d049df7495dabbb2d7ac49298b) Importer(2089858483,0ecaa5967403d082aa24f35e1b516d23) Generated GUIDs only implemented for interfaces!
 -> (artifact id: '10b551d0402f0bffd27383f22012cbb4') in 0.014837 seconds 
========================================================================
Received Import Request.
  Time since last request: 0.000044 seconds.
  path: Assets/Script/Main.cs
  artifactKey: Guid(e6452443e7fa0134a8816e4d2f35e875) Importer(2089858483,0ecaa5967403d082aa24f35e1b516d23)
Start importing Assets/Script/Main.cs using Guid(e6452443e7fa0134a8816e4d2f35e875) Importer(2089858483,0ecaa5967403d082aa24f35e1b516d23) Generated GUIDs only implemented for interfaces!
 -> (artifact id: '73c3e90f13506da6ba430e5797263222') in 0.009873 seconds 
========================================================================
Received Import Request.
  Time since last request: 0.000031 seconds.
  path: Assets/Gothicvania-Town/Art/Sprites/hat-man-idle/hat-man-idle-1.png
  artifactKey: Guid(a6adcfb84d9054ac486ef7a10722243d) Importer(2089858483,0ecaa5967403d082aa24f35e1b516d23)
Start importing Assets/Gothicvania-Town/Art/Sprites/hat-man-idle/hat-man-idle-1.png using Guid(a6adcfb84d9054ac486ef7a10722243d) Importer(2089858483,0ecaa5967403d082aa24f35e1b516d23) Generated GUIDs only implemented for interfaces!
 -> (artifact id: 'bca6c1abcd68749fb38037d805453673') in 0.021654 seconds 
========================================================================
Received Import Request.
  Time since last request: 0.000022 seconds.
  path: Assets/Gothicvania-Town/Art/Sprites/oldman-walk/oldman-walk-4.png
  artifactKey: Guid(d136262f870d643ae973d5fc3eb3cb5c) Importer(2089858483,0ecaa5967403d082aa24f35e1b516d23)
Start importing Assets/Gothicvania-Town/Art/Sprites/oldman-walk/oldman-walk-4.png using Guid(d136262f870d643ae973d5fc3eb3cb5c) Importer(2089858483,0ecaa5967403d082aa24f35e1b516d23) Generated GUIDs only implemented for interfaces!
 -> (artifact id: '0744dd01acd7c8bd088c4b514d6396d2') in 0.019976 seconds 
========================================================================
Received Import Request.
  Time since last request: 0.000035 seconds.
  path: Assets/Farming Asset Pack/farming-tileset_cut-photo.ru (1).png
  artifactKey: Guid(fe5f1cc34b7ca8c43bb8fa090c1ab78b) Importer(2089858483,0ecaa5967403d082aa24f35e1b516d23)
Start importing Assets/Farming Asset Pack/farming-tileset_cut-photo.ru (1).png using Guid(fe5f1cc34b7ca8c43bb8fa090c1ab78b) Importer(2089858483,0ecaa5967403d082aa24f35e1b516d23) Generated GUIDs only implemented for interfaces!
 -> (artifact id: '6fe81cda54124800f03b629a2adba9da') in 0.013560 seconds 
========================================================================
Received Import Request.
  Time since last request: 0.000030 seconds.
  path: Assets/Gothicvania-Town/Animations/oldman-walk-6.controller
  artifactKey: Guid(f300f64acbf564a85854b1e4859f0fd0) Importer(2089858483,0ecaa5967403d082aa24f35e1b516d23)
Start importing Assets/Gothicvania-Town/Animations/oldman-walk-6.controller using Guid(f300f64acbf564a85854b1e4859f0fd0) Importer(2089858483,0ecaa5967403d082aa24f35e1b516d23) Generated GUIDs only implemented for interfaces!
 -> (artifact id: 'eb96a5a54a412bc796cd836d270d94ce') in 0.007693 seconds 
========================================================================
Received Import Request.
  Time since last request: 0.000028 seconds.
  path: Assets/Gothicvania-Town/Art/Environment/props-sliced/sign.png
  artifactKey: Guid(799dd867b58aa4efd917360b1747174a) Importer(2089858483,0ecaa5967403d082aa24f35e1b516d23)
Start importing Assets/Gothicvania-Town/Art/Environment/props-sliced/sign.png using Guid(799dd867b58aa4efd917360b1747174a) Importer(2089858483,0ecaa5967403d082aa24f35e1b516d23) Generated GUIDs only implemented for interfaces!
 -> (artifact id: '2bc6175c1a5400e728508d60c32ed56a') in 0.019413 seconds 
========================================================================
Received Import Request.
  Time since last request: 0.000041 seconds.
  path: Assets/Gothicvania-Town/Art/Environment/sliced-tileset/ground-corner.png
  artifactKey: Guid(c2fd156aa51db412994527307ef76bee) Importer(2089858483,0ecaa5967403d082aa24f35e1b516d23)
Start importing Assets/Gothicvania-Town/Art/Environment/sliced-tileset/ground-corner.png using Guid(c2fd156aa51db412994527307ef76bee) Importer(2089858483,0ecaa5967403d082aa24f35e1b516d23) Generated GUIDs only implemented for interfaces!
 -> (artifact id: '2eee2e730597f9777594ecede3b18029') in 0.018031 seconds 
========================================================================
Received Import Request.
  Time since last request: 0.000032 seconds.
  path: Assets/Gothicvania-Town/Art/Environment/props-sliced/house-b.png
  artifactKey: Guid(fa534a63c52e442fab833f8c4c218610) Importer(2089858483,0ecaa5967403d082aa24f35e1b516d23)
Start importing Assets/Gothicvania-Town/Art/Environment/props-sliced/house-b.png using Guid(fa534a63c52e442fab833f8c4c218610) Importer(2089858483,0ecaa5967403d082aa24f35e1b516d23) Generated GUIDs only implemented for interfaces!
 -> (artifact id: '3f9b57a75b2546f278a1ab347773af44') in 0.020418 seconds 
========================================================================
Received Import Request.
  Time since last request: 0.000023 seconds.
  path: Assets/Gothicvania-Town/Art/Environment/sliced-tileset/stairs-right.png
  artifactKey: Guid(d9f50f119881d4482b730509af83ef67) Importer(2089858483,0ecaa5967403d082aa24f35e1b516d23)
Start importing Assets/Gothicvania-Town/Art/Environment/sliced-tileset/stairs-right.png using Guid(d9f50f119881d4482b730509af83ef67) Importer(2089858483,0ecaa5967403d082aa24f35e1b516d23) Generated GUIDs only implemented for interfaces!
 -> (artifact id: 'a68d728bd11145e7b03273656fcaf9f9') in 0.018479 seconds 
========================================================================
Received Import Request.
  Time since last request: 0.000036 seconds.
  path: Assets/Gothicvania-Town/Art/Sprites/oldman-walk/oldman-walk-3.png
  artifactKey: Guid(b11a774346f89422f94b677e29633e4a) Importer(2089858483,0ecaa5967403d082aa24f35e1b516d23)
Start importing Assets/Gothicvania-Town/Art/Sprites/oldman-walk/oldman-walk-3.png using Guid(b11a774346f89422f94b677e29633e4a) Importer(2089858483,0ecaa5967403d082aa24f35e1b516d23) Generated GUIDs only implemented for interfaces!
 -> (artifact id: '13cdd7b18c820ea0c66797e9bc162302') in 0.017704 seconds 
========================================================================
Received Import Request.
  Time since last request: 0.000033 seconds.
  path: Assets/Gothicvania-Town/Art/Sprites/bearded-idle/bearded-idle-3.png
  artifactKey: Guid(e5d48ddba917147d4984d60c82de0138) Importer(2089858483,0ecaa5967403d082aa24f35e1b516d23)
Start importing Assets/Gothicvania-Town/Art/Sprites/bearded-idle/bearded-idle-3.png using Guid(e5d48ddba917147d4984d60c82de0138) Importer(2089858483,0ecaa5967403d082aa24f35e1b516d23) Generated GUIDs only implemented for interfaces!
 -> (artifact id: '40ff5672030e2846134a95d70ebab720') in 0.014160 seconds 
========================================================================
Received Import Request.
  Time since last request: 0.000037 seconds.
  path: Assets/Gothicvania-Town/Art/Sprites/hat-man-walk/hat-man-walk-6.png
  artifactKey: Guid(1df3bc45aab8c47cfb1bf1567210f563) Importer(2089858483,0ecaa5967403d082aa24f35e1b516d23)
Start importing Assets/Gothicvania-Town/Art/Sprites/hat-man-walk/hat-man-walk-6.png using Guid(1df3bc45aab8c47cfb1bf1567210f563) Importer(2089858483,0ecaa5967403d082aa24f35e1b516d23) Generated GUIDs only implemented for interfaces!
 -> (artifact id: 'a5c910d6512fa17e196b78fc1b1a68cd') in 0.016797 seconds 
========================================================================
Received Import Request.
  Time since last request: 0.000027 seconds.
  path: Assets/Gothicvania-Town/Art/Environment/sliced-tileset/top-right-wood.png
  artifactKey: Guid(edac48a28c5cd4707ba4047dfe4f451d) Importer(2089858483,0ecaa5967403d082aa24f35e1b516d23)
Start importing Assets/Gothicvania-Town/Art/Environment/sliced-tileset/top-right-wood.png using Guid(edac48a28c5cd4707ba4047dfe4f451d) Importer(2089858483,0ecaa5967403d082aa24f35e1b516d23) Generated GUIDs only implemented for interfaces!
 -> (artifact id: 'e7c34d752e5cb02ae515a27d288c1ef4') in 0.016138 seconds 
========================================================================
Received Import Request.
  Time since last request: 0.000039 seconds.
  path: Assets/Gothicvania-Town/Art/Sprites/bearded-walk/bearded-walk-2.png
  artifactKey: Guid(dec23d3f1b157493ea928ad647f275c2) Importer(2089858483,0ecaa5967403d082aa24f35e1b516d23)
Start importing Assets/Gothicvania-Town/Art/Sprites/bearded-walk/bearded-walk-2.png using Guid(dec23d3f1b157493ea928ad647f275c2) Importer(2089858483,0ecaa5967403d082aa24f35e1b516d23) Generated GUIDs only implemented for interfaces!
 -> (artifact id: '806940a14f005034fbcbf42ef61bab5d') in 0.013964 seconds 
========================================================================
Received Import Request.
  Time since last request: 0.000029 seconds.
  path: Assets/Gothicvania-Town/Art/Environment/sliced-tileset/stairs-wall-mirror.png
  artifactKey: Guid(8d62eb9e1c1cf4f189a234c4d966ab8b) Importer(2089858483,0ecaa5967403d082aa24f35e1b516d23)
Start importing Assets/Gothicvania-Town/Art/Environment/sliced-tileset/stairs-wall-mirror.png using Guid(8d62eb9e1c1cf4f189a234c4d966ab8b) Importer(2089858483,0ecaa5967403d082aa24f35e1b516d23) Generated GUIDs only implemented for interfaces!
 -> (artifact id: '2013249a6f343b4a735dc088c9fd6736') in 0.020770 seconds 
========================================================================
Received Import Request.
  Time since last request: 0.000034 seconds.
  path: Assets/Gothicvania-Town/Art/Sprites/oldman-idle/oldman-idle-3.png
  artifactKey: Guid(e6fadb97321a142be9304bddd4a6dddf) Importer(2089858483,0ecaa5967403d082aa24f35e1b516d23)
Start importing Assets/Gothicvania-Town/Art/Sprites/oldman-idle/oldman-idle-3.png using Guid(e6fadb97321a142be9304bddd4a6dddf) Importer(2089858483,0ecaa5967403d082aa24f35e1b516d23) Generated GUIDs only implemented for interfaces!
 -> (artifact id: 'c122d76f0d5a17ec4b33773e8acf1860') in 0.018317 seconds 
========================================================================
Received Import Request.
  Time since last request: 0.000032 seconds.
  path: Assets/Gothicvania-Town/Scenes/demo.unity
  artifactKey: Guid(496692dcacd0d4ef6a92e1218aad3d80) Importer(2089858483,0ecaa5967403d082aa24f35e1b516d23)
Start importing Assets/Gothicvania-Town/Scenes/demo.unity using Guid(496692dcacd0d4ef6a92e1218aad3d80) Importer(2089858483,0ecaa5967403d082aa24f35e1b516d23) Generated GUIDs only implemented for interfaces!
 -> (artifact id: '5f3edc0cf08ee6a0c993f3c34592c566') in 0.003545 seconds 
========================================================================
Received Import Request.
  Time since last request: 0.000052 seconds.
  path: Assets/Gothicvania-Town/Art/Environment/sliced-tileset/slope.png
  artifactKey: Guid(c043f24078d794ba4a8c62481c41f102) Importer(2089858483,0ecaa5967403d082aa24f35e1b516d23)
Start importing Assets/Gothicvania-Town/Art/Environment/sliced-tileset/slope.png using Guid(c043f24078d794ba4a8c62481c41f102) Importer(2089858483,0ecaa5967403d082aa24f35e1b516d23) Generated GUIDs only implemented for interfaces!
 -> (artifact id: '7e4dd1b2c55b381829ee2bad8a2cc134') in 0.017290 seconds 
========================================================================
Received Import Request.
  Time since last request: 0.000044 seconds.
  path: Assets/Gothicvania-Town/Art/Sprites/woman-walk/woman-walk-1.png
  artifactKey: Guid(cf4eda157873a45cbba7857a92a403b8) Importer(2089858483,0ecaa5967403d082aa24f35e1b516d23)
Start importing Assets/Gothicvania-Town/Art/Sprites/woman-walk/woman-walk-1.png using Guid(cf4eda157873a45cbba7857a92a403b8) Importer(2089858483,0ecaa5967403d082aa24f35e1b516d23) Generated GUIDs only implemented for interfaces!
 -> (artifact id: 'e997301965a4184ee7d4143435fa35bb') in 0.014267 seconds 
========================================================================
Received Import Request.
  Time since last request: 0.000028 seconds.
  path: Assets/Scenes/SampleScene.unity
  artifactKey: Guid(2cda990e2423bbf4892e6590ba056729) Importer(2089858483,0ecaa5967403d082aa24f35e1b516d23)
Start importing Assets/Scenes/SampleScene.unity using Guid(2cda990e2423bbf4892e6590ba056729) Importer(2089858483,0ecaa5967403d082aa24f35e1b516d23) Generated GUIDs only implemented for interfaces!
 -> (artifact id: '3d8cab0a4065da714b2ba5df51364120') in 0.003577 seconds 
========================================================================
Received Import Request.
  Time since last request: 0.000025 seconds.
  path: Assets/Gothicvania-Town/Art/Sprites/bearded-walk/bearded-walk-1.png
  artifactKey: Guid(7dae316cab1f54aeea0b7b52a1f0495d) Importer(2089858483,0ecaa5967403d082aa24f35e1b516d23)
Start importing Assets/Gothicvania-Town/Art/Sprites/bearded-walk/bearded-walk-1.png using Guid(7dae316cab1f54aeea0b7b52a1f0495d) Importer(2089858483,0ecaa5967403d082aa24f35e1b516d23) Generated GUIDs only implemented for interfaces!
 -> (artifact id: '445737996133e39b115023109f255f81') in 0.013736 seconds 
========================================================================
Received Import Request.
  Time since last request: 0.000035 seconds.
  path: Assets/Gothicvania-Town/Art/Environment/sliced-tileset/stairs-wall-mirror-left.png
  artifactKey: Guid(12611da468ae148e4b4de205a67dbac2) Importer(2089858483,0ecaa5967403d082aa24f35e1b516d23)
Start importing Assets/Gothicvania-Town/Art/Environment/sliced-tileset/stairs-wall-mirror-left.png using Guid(12611da468ae148e4b4de205a67dbac2) Importer(2089858483,0ecaa5967403d082aa24f35e1b516d23) Generated GUIDs only implemented for interfaces!
 -> (artifact id: 'd6d10ec80c2fb51c16867bbc71e20a0b') in 0.018945 seconds 
========================================================================
Received Import Request.
  Time since last request: 0.000033 seconds.
  path: Assets/Gothicvania-Town/Art/Environment/sliced-tileset/wood-legs.png
  artifactKey: Guid(d6f3eaee1d2e043658f43a5ae7600886) Importer(2089858483,0ecaa5967403d082aa24f35e1b516d23)
Start importing Assets/Gothicvania-Town/Art/Environment/sliced-tileset/wood-legs.png using Guid(d6f3eaee1d2e043658f43a5ae7600886) Importer(2089858483,0ecaa5967403d082aa24f35e1b516d23) Generated GUIDs only implemented for interfaces!
 -> (artifact id: '192135f258a8c286068aa99879b9eecd') in 0.016505 seconds 
========================================================================
Received Import Request.
  Time since last request: 0.000026 seconds.
  path: Assets/Gothicvania-Town/Art/Sprites/bearded-walk/bearded-walk-4.png
  artifactKey: Guid(0d0cae25406c447e3a85ab8e195ac041) Importer(2089858483,0ecaa5967403d082aa24f35e1b516d23)
Start importing Assets/Gothicvania-Town/Art/Sprites/bearded-walk/bearded-walk-4.png using Guid(0d0cae25406c447e3a85ab8e195ac041) Importer(2089858483,0ecaa5967403d082aa24f35e1b516d23) Generated GUIDs only implemented for interfaces!
 -> (artifact id: 'd722f0cc1ac55e01123357aca16f63fe') in 0.013318 seconds 
========================================================================
Received Import Request.
  Time since last request: 0.000033 seconds.
  path: Assets/Gothicvania-Town/Animations/bearded-walk.anim
  artifactKey: Guid(01372281352484dd687f34152981524e) Importer(2089858483,0ecaa5967403d082aa24f35e1b516d23)
Start importing Assets/Gothicvania-Town/Animations/bearded-walk.anim using Guid(01372281352484dd687f34152981524e) Importer(2089858483,0ecaa5967403d082aa24f35e1b516d23) Generated GUIDs only implemented for interfaces!
 -> (artifact id: 'a4978bcdea7fcd18c9c4cfc77439fcb9') in 0.006868 seconds 
========================================================================
Received Import Request.
  Time since last request: 0.000036 seconds.
  path: Assets/Farming Asset Pack/farming-emotions.png
  artifactKey: Guid(377d0838804322045b60e51d883c3c1c) Importer(2089858483,0ecaa5967403d082aa24f35e1b516d23)
Start importing Assets/Farming Asset Pack/farming-emotions.png using Guid(377d0838804322045b60e51d883c3c1c) Importer(2089858483,0ecaa5967403d082aa24f35e1b516d23) Generated GUIDs only implemented for interfaces!
 -> (artifact id: '705cbf8d429c2ddd9aec407b559513d4') in 0.034643 seconds 
========================================================================
Received Import Request.
  Time since last request: 0.000033 seconds.
  path: Assets/Gothicvania-Town/Art/Sprites/bearded-walk/bearded-walk-3.png
  artifactKey: Guid(246e0385cab41407fb2ba3829ad8fea3) Importer(2089858483,0ecaa5967403d082aa24f35e1b516d23)
Start importing Assets/Gothicvania-Town/Art/Sprites/bearded-walk/bearded-walk-3.png using Guid(246e0385cab41407fb2ba3829ad8fea3) Importer(2089858483,0ecaa5967403d082aa24f35e1b516d23) Generated GUIDs only implemented for interfaces!
 -> (artifact id: '25e2312a10e0f0db4afbf05518293e4a') in 0.018052 seconds 
========================================================================
Received Import Request.
  Time since last request: 0.000036 seconds.
  path: Assets/Gothicvania-Town/Art/Sprites/oldman-walk/oldman-walk-6.png
  artifactKey: Guid(873b78c6aa8bd415695c21295f0021e5) Importer(2089858483,0ecaa5967403d082aa24f35e1b516d23)
Start importing Assets/Gothicvania-Town/Art/Sprites/oldman-walk/oldman-walk-6.png using Guid(873b78c6aa8bd415695c21295f0021e5) Importer(2089858483,0ecaa5967403d082aa24f35e1b516d23) Generated GUIDs only implemented for interfaces!
 -> (artifact id: '6bc9af0c8686740d47ec2e24844525c8') in 0.018739 seconds 
========================================================================
Received Import Request.
  Time since last request: 0.000066 seconds.
  path: Assets/Farming Asset Pack/farming-tileset_cut-photo.ru (3).png
  artifactKey: Guid(64ac87c74f6b9e14fade6c4643b00d14) Importer(2089858483,0ecaa5967403d082aa24f35e1b516d23)
Start importing Assets/Farming Asset Pack/farming-tileset_cut-photo.ru (3).png using Guid(64ac87c74f6b9e14fade6c4643b00d14) Importer(2089858483,0ecaa5967403d082aa24f35e1b516d23) Generated GUIDs only implemented for interfaces!
 -> (artifact id: '528a0be7cc6ab5274bb8b7b461615fcd') in 0.016169 seconds 
========================================================================
Received Import Request.
  Time since last request: 0.000037 seconds.
  path: Assets/Farming Asset Pack/NOTES.txt
  artifactKey: Guid(c971b8fa2bff9f043b8ab82f066fe50b) Importer(2089858483,0ecaa5967403d082aa24f35e1b516d23)
Start importing Assets/Farming Asset Pack/NOTES.txt using Guid(c971b8fa2bff9f043b8ab82f066fe50b) Importer(2089858483,0ecaa5967403d082aa24f35e1b516d23) Generated GUIDs only implemented for interfaces!
 -> (artifact id: '86c604ec5251384c87c9c3390ccf1dbd') in 0.013262 seconds 
========================================================================
Received Prepare
Refreshing native plugins compatible for Editor in 4.39 ms, found 4 plugins.
Preloading 0 native plugins for Editor in 0.00 ms.
Unloading 31 Unused Serialized files (Serialized files now loaded: 0)
Unloading 31 unused Assets / (194.1 KB). Loaded Objects now: 4539.
Memory consumption went from 75.3 MB to 75.1 MB.
Total: 4.811900 ms (FindLiveObjects: 0.455700 ms CreateObjectMapping: 0.105900 ms MarkObjects: 4.058600 ms  DeleteObjects: 0.191100 ms)

AssetImportParameters requested are different than current active one (requested -> active):
  custom:video-decoder-ogg-theora: a1e56fd34408186e4bbccfd4996cb3dc -> 
  custom:container-muxer-webm: aa71ff27fc2769a1b78a27578f13a17b -> 
  custom:container-demuxer-webm: 4f35f7cbe854078d1ac9338744f61a02 -> 
  custom:video-encoder-webm-vp8: eb34c28f22e8b96e1ab97ce403110664 -> 
  custom:audio-encoder-webm-vorbis: bf7c407c2cedff20999df2af8eb42d56 -> 
  custom:framework-win-MediaFoundation: 216162199b28c13a410421893ffa2e32 -> 
  custom:SearchIndexIgnoredProperties: e643bd26f0fe6173181afceb89e7c659 -> 
  custom:container-demuxer-ogg: 62fdf1f143b41e24485cea50d1cbac27 -> 
  custom:video-decoder-webm-vp8: 9c59270c3fd7afecdb556c50c9e8de78 -> 
  custom:audio-decoder-ogg-vorbis: bf7c407c2cedff20999df2af8eb42d56 -> 
========================================================================
Received Import Request.
  Time since last request: 1053.501990 seconds.
  path: Assets/Farming Asset Pack/farming-tileset_cut-photo_ru__3_.lPNTc (2).png
  artifactKey: Guid(a695ef07d019f4f4180ace9ba4afc6d4) Importer(815301076,1909f56bfc062723c751e8b465ee728b)
Start importing Assets/Farming Asset Pack/farming-tileset_cut-photo_ru__3_.lPNTc (2).png using Guid(a695ef07d019f4f4180ace9ba4afc6d4) Importer(815301076,1909f56bfc062723c751e8b465ee728b)  -> (artifact id: '2b3c97b7a124acdaf892d49d312a355e') in 0.042094 seconds 
========================================================================
Received Import Request.
  Time since last request: 1.023517 seconds.
  path: Assets/Farming Asset Pack/farming-tileset_cut-photo_ru__3_.lPNTc (2).png
  artifactKey: Guid(a695ef07d019f4f4180ace9ba4afc6d4) Importer(2089858483,0ecaa5967403d082aa24f35e1b516d23)
Start importing Assets/Farming Asset Pack/farming-tileset_cut-photo_ru__3_.lPNTc (2).png using Guid(a695ef07d019f4f4180ace9ba4afc6d4) Importer(2089858483,0ecaa5967403d082aa24f35e1b516d23) Generated GUIDs only implemented for interfaces!
 -> (artifact id: '733f7992293c8b53574c6b6d0779d183') in 0.013706 seconds 
========================================================================
Received Import Request.
  Time since last request: 33.995174 seconds.
  path: Assets/Farming Asset Pack/Grass.png
  artifactKey: Guid(6f650f157ad5b934e81b2d2c572a8565) Importer(815301076,1909f56bfc062723c751e8b465ee728b)
Start importing Assets/Farming Asset Pack/Grass.png using Guid(6f650f157ad5b934e81b2d2c572a8565) Importer(815301076,1909f56bfc062723c751e8b465ee728b)  -> (artifact id: 'dd766542aa9a2e645b845a8c4340b73e') in 0.060822 seconds 
========================================================================
Received Import Request.
  Time since last request: 0.942392 seconds.
  path: Assets/Farming Asset Pack/Grass.png
  artifactKey: Guid(6f650f157ad5b934e81b2d2c572a8565) Importer(2089858483,0ecaa5967403d082aa24f35e1b516d23)
Start importing Assets/Farming Asset Pack/Grass.png using Guid(6f650f157ad5b934e81b2d2c572a8565) Importer(2089858483,0ecaa5967403d082aa24f35e1b516d23) Generated GUIDs only implemented for interfaces!
 -> (artifact id: '6c6c346af8b123de13c8a1a08e825882') in 0.013695 seconds 
========================================================================
Received Import Request.
  Time since last request: 1288.703977 seconds.
  path: Assets/Script
  artifactKey: Guid(e40bdeb15f17a764593ae62cbeea604b) Importer(815301076,1909f56bfc062723c751e8b465ee728b)
Start importing Assets/Script using Guid(e40bdeb15f17a764593ae62cbeea604b) Importer(815301076,1909f56bfc062723c751e8b465ee728b)  -> (artifact id: '55474e3d04e1372ff5276476d9c1a8c6') in 0.001697 seconds 
========================================================================
Received Import Request.
  Time since last request: 1045.100762 seconds.
  path: Assets/Farming Asset Pack/pixil-frame-0 (3).png
  artifactKey: Guid(3d0cdd317c64be649ae886174cbe6a1d) Importer(2089858483,0ecaa5967403d082aa24f35e1b516d23)
Start importing Assets/Farming Asset Pack/pixil-frame-0 (3).png using Guid(3d0cdd317c64be649ae886174cbe6a1d) Importer(2089858483,0ecaa5967403d082aa24f35e1b516d23) Generated GUIDs only implemented for interfaces!
 -> (artifact id: 'b365eea07a9f25eca3e75b700ad3baec') in 0.021707 seconds 
========================================================================
Received Import Request.
  Time since last request: 2.382440 seconds.
  path: Assets/Farming Asset Pack/pixil-frame-0 (3).png
  artifactKey: Guid(3d0cdd317c64be649ae886174cbe6a1d) Importer(815301076,1909f56bfc062723c751e8b465ee728b)
Start importing Assets/Farming Asset Pack/pixil-frame-0 (3).png using Guid(3d0cdd317c64be649ae886174cbe6a1d) Importer(815301076,1909f56bfc062723c751e8b465ee728b)  -> (artifact id: 'ee953ef0dd9e4ac6db0095a507cca2cb') in 0.057814 seconds 
========================================================================
Received Import Request.
  Time since last request: 254.292407 seconds.
  path: ProjectSettings/TagManager.asset
  artifactKey: Guid(00000000000000003000000000000000) Importer(815301076,1909f56bfc062723c751e8b465ee728b)
Start importing ProjectSettings/TagManager.asset using Guid(00000000000000003000000000000000) Importer(815301076,1909f56bfc062723c751e8b465ee728b)  -> (artifact id: '5f74b9f0782f3ffe8a654b2b60a9f33c') in 0.004941 seconds 
========================================================================
Received Import Request.
  Time since last request: 1120.194999 seconds.
  path: Assets/Gothicvania-Town/Art/Environment
  artifactKey: Guid(cacac7448af584745afc5a19a0ece429) Importer(815301076,1909f56bfc062723c751e8b465ee728b)
Start importing Assets/Gothicvania-Town/Art/Environment using Guid(cacac7448af584745afc5a19a0ece429) Importer(815301076,1909f56bfc062723c751e8b465ee728b)  -> (artifact id: '15155b81776a4642f4286f5ebf330cbc') in 0.001799 seconds 
========================================================================
Received Import Request.
  Time since last request: 233.929517 seconds.
  path: Assets/Gothicvania-Town/Art/Sprites/woman-idle/New Animation.anim
  artifactKey: Guid(05fc04c9fdcc9954fb5760b4c2da5a4e) Importer(815301076,1909f56bfc062723c751e8b465ee728b)
Start importing Assets/Gothicvania-Town/Art/Sprites/woman-idle/New Animation.anim using Guid(05fc04c9fdcc9954fb5760b4c2da5a4e) Importer(815301076,1909f56bfc062723c751e8b465ee728b)  -> (artifact id: '0f9e53216c2dca15c831d6b304c71531') in 0.006219 seconds 
========================================================================
Received Import Request.
  Time since last request: 1.161954 seconds.
  path: Assets/Gothicvania-Town/Art/Sprites/woman-idle/New Animation.anim
  artifactKey: Guid(05fc04c9fdcc9954fb5760b4c2da5a4e) Importer(2089858483,0ecaa5967403d082aa24f35e1b516d23)
Start importing Assets/Gothicvania-Town/Art/Sprites/woman-idle/New Animation.anim using Guid(05fc04c9fdcc9954fb5760b4c2da5a4e) Importer(2089858483,0ecaa5967403d082aa24f35e1b516d23) Generated GUIDs only implemented for interfaces!
 -> (artifact id: '6084859d7c8117d68ec238f05d892051') in 0.007353 seconds 
========================================================================
Received Import Request.
  Time since last request: 77.494283 seconds.
  path: Assets/Gothicvania-Town/Art/Sprites/woman-idle/New Animatio12n.anim
  artifactKey: Guid(877f7314aa0dafa4e9cc5e61a88575b3) Importer(2089858483,0ecaa5967403d082aa24f35e1b516d23)
Start importing Assets/Gothicvania-Town/Art/Sprites/woman-idle/New Animatio12n.anim using Guid(877f7314aa0dafa4e9cc5e61a88575b3) Importer(2089858483,0ecaa5967403d082aa24f35e1b516d23) Generated GUIDs only implemented for interfaces!
 -> (artifact id: '4beab75745efc49a1f4cb4a6071643c0') in 0.008154 seconds 
========================================================================
Received Import Request.
  Time since last request: 143.340978 seconds.
  path: Assets/Gothicvania-Town/Art/Sprites/woman-idle/New Animatio12n.anim
  artifactKey: Guid(877f7314aa0dafa4e9cc5e61a88575b3) Importer(815301076,1909f56bfc062723c751e8b465ee728b)
Start importing Assets/Gothicvania-Town/Art/Sprites/woman-idle/New Animatio12n.anim using Guid(877f7314aa0dafa4e9cc5e61a88575b3) Importer(815301076,1909f56bfc062723c751e8b465ee728b)  -> (artifact id: '49cefa14f10e231d2d34f08c1631fe64') in 0.002201 seconds 
========================================================================
Received Import Request.
  Time since last request: 434.085270 seconds.
  path: Assets/Gothicvania-Town/Scenes
  artifactKey: Guid(197b58ce91083473d8824a72468d3c87) Importer(815301076,1909f56bfc062723c751e8b465ee728b)
Start importing Assets/Gothicvania-Town/Scenes using Guid(197b58ce91083473d8824a72468d3c87) Importer(815301076,1909f56bfc062723c751e8b465ee728b)  -> (artifact id: '3d7e781ba5d35140ac482340dd3d743a') in 0.002089 seconds 
========================================================================
Received Import Request.
  Time since last request: 175.458459 seconds.
  path: Assets/Farming Asset Pack/NOTES.txt
  artifactKey: Guid(c971b8fa2bff9f043b8ab82f066fe50b) Importer(815301076,1909f56bfc062723c751e8b465ee728b)
Start importing Assets/Farming Asset Pack/NOTES.txt using Guid(c971b8fa2bff9f043b8ab82f066fe50b) Importer(815301076,1909f56bfc062723c751e8b465ee728b)  -> (artifact id: 'b181f39e918a023a872513d501274cca') in 0.005746 seconds 
========================================================================
Received Import Request.
  Time since last request: 12.168667 seconds.
  path: Assets/Farming Asset Pack/farming-tileset.png
  artifactKey: Guid(2700e06d970d112489ff23cfb58c3f78) Importer(815301076,1909f56bfc062723c751e8b465ee728b)
Start importing Assets/Farming Asset Pack/farming-tileset.png using Guid(2700e06d970d112489ff23cfb58c3f78) Importer(815301076,1909f56bfc062723c751e8b465ee728b)  -> (artifact id: 'cfc6a263fc49f9e67ab5b3492f3e613c') in 0.522890 seconds 
========================================================================
Received Import Request.
  Time since last request: 0.519128 seconds.
  path: Assets/Farming Asset Pack/farming-tileset.png
  artifactKey: Guid(2700e06d970d112489ff23cfb58c3f78) Importer(2089858483,0ecaa5967403d082aa24f35e1b516d23)
Start importing Assets/Farming Asset Pack/farming-tileset.png using Guid(2700e06d970d112489ff23cfb58c3f78) Importer(2089858483,0ecaa5967403d082aa24f35e1b516d23) Generated GUIDs only implemented for interfaces!
 -> (artifact id: '75b099d8116b021829c9ed2436ac8480') in 1.011787 seconds 
========================================================================
Received Import Request.
  Time since last request: 175.798103 seconds.
  path: Assets/Gothicvania-Town/Art/Sprites/woman-idle/New Animatio12n.anim
  artifactKey: Guid(877f7314aa0dafa4e9cc5e61a88575b3) Importer(2089858483,0ecaa5967403d082aa24f35e1b516d23)
Start importing Assets/Gothicvania-Town/Art/Sprites/woman-idle/New Animatio12n.anim using Guid(877f7314aa0dafa4e9cc5e61a88575b3) Importer(2089858483,0ecaa5967403d082aa24f35e1b516d23) Generated GUIDs only implemented for interfaces!
 -> (artifact id: '047cbbba712ae609cff7498fcec003a6') in 0.009993 seconds 
========================================================================
Received Import Request.
  Time since last request: 0.000028 seconds.
  path: Assets/Gothicvania-Town/Art/Sprites/woman-idle/woman-idle-1.controller
  artifactKey: Guid(37f272dac8c123d408d16e68a602942b) Importer(2089858483,0ecaa5967403d082aa24f35e1b516d23)
Start importing Assets/Gothicvania-Town/Art/Sprites/woman-idle/woman-idle-1.controller using Guid(37f272dac8c123d408d16e68a602942b) Importer(2089858483,0ecaa5967403d082aa24f35e1b516d23) Generated GUIDs only implemented for interfaces!
 -> (artifact id: '450d1cfc3273728276467c83208e0fb5') in 0.007933 seconds 
========================================================================
Received Import Request.
  Time since last request: 665.253419 seconds.
  path: Assets/Scenes/SampleScene.unity
  artifactKey: Guid(2cda990e2423bbf4892e6590ba056729) Importer(2089858483,0ecaa5967403d082aa24f35e1b516d23)
Start importing Assets/Scenes/SampleScene.unity using Guid(2cda990e2423bbf4892e6590ba056729) Importer(2089858483,0ecaa5967403d082aa24f35e1b516d23) Generated GUIDs only implemented for interfaces!
 -> (artifact id: 'a5321e38ec4fa70dc2e9efcee683cf2f') in 0.003153 seconds 
